5.0 -6.0 81.0791
8.0 -6.0 80.9448
3.0 -6.0 81.7566
11.0 -11.0 90.9424
5.0 -9.0 90.7227
8.0 -9.0 90.0696
3.0 -9.0 90.509
11.0 -9.0 87.0361
5.0 -11.0 90.5334
8.0 -4.0 70.6055
11.0 -4.0 70.6604
0.0 -6.0 86.4075
5.0 -4.0 70.5811
3.0 -4.0 70.8862
14.0 -6.0 80.835
-3.0 -6.0 86.8469
0.0 -11.0 84.4421
0.0 -4.0 74.1882
14.0 -9.0 86.0413
11.0 -14.0 90.9607
-3.0 -9.0 81.012
0.0 -9.0 88.7146
0.0 1.0 63.5132
3.0 1.0 63.5132
3.0 -1.0 63.5132
3.0 -11.0 89.0991
-3.0 -1.0 63.5132
8.0 -1.0 63.5132
8.0 -11.0 90.9485
14.0 -4.0 70.7336
14.0 -14.0 91.0461
-3.0 1.0 63.5132
11.0 1.0 63.5132
8.0 1.0 63.5132
8.0 -14.0 90.5334
-3.0 -11.0 63.6353
5.0 1.0 63.5132
11.0 -1.0 63.5132
11.0 -6.0 80.1819
5.0 -1.0 63.5132
0.0 -1.0 63.5132
5.0 -14.0 88.7451
14.0 -11.0 90.3564
14.0 -1.0 63.501
3.0 -14.0 84.4421
14.0 1.0 63.5132
7.0 -11.0 90.8081
7.0 -9.0 90.4907
-3.0 -4.0 63.5132
-4.0 -6.0 84.7351
5.0 -8.0 89.8804
0.0 -14.0 63.6414
7.0 -4.0 70.4224
7.0 -14.0 90.0818
3.0 -8.0 90.4846
14.0 -8.0 85.1074
-3.0 -14.0 63.5132
0.0 -8.0 89.0625
11.0 -8.0 85.0525
-4.0 -1.0 63.5132
7.0 -8.0 87.6099
-4.0 1.0 63.5132
-4.0 -11.0 63.5132
-4.0 -9.0 75.5737
2.0 -6.0 82.7515
-3.0 -8.0 84.375
8.0 -8.0 86.4319
5.0 2.0 63.5132
0.0 2.0 63.5132
11.0 2.0 63.5132
-3.0 2.0 63.5132
8.0 2.0 63.5132
3.0 2.0 63.5132
14.0 2.0 63.5132
-4.0 2.0 63.5132
7.0 -6.0 81.3538
7.0 -1.0 63.5132
2.0 -9.0 90.0391
-4.0 -14.0 63.5132
7.0 1.0 63.5132
7.0 2.0 63.5132
2.0 -8.0 90.3992
2.0 -4.0 71.3623
2.0 -11.0 88.7451
11.0 -3.0 66.2231
13.0 -6.0 81.1829
-4.0 -4.0 63.5132
13.0 -8.0 85.2539
5.0 -3.0 65.0085
13.0 -14.0 90.9851
-4.0 -8.0 80.6824
14.0 -3.0 65.1367
2.0 1.0 63.5132
13.0 -9.0 85.9741
2.0 -1.0 63.5132
13.0 -4.0 70.6726
2.0 -14.0 81.0974
2.0 2.0 63.5132
13.0 -11.0 90.7043
13.0 -3.0 65.1794
-1.0 -6.0 87.5671
7.0 -3.0 65.7104
0.0 -3.0 63.4583
-1.0 -9.0 87.1704
-1.0 -8.0 88.6597
11.0 -13.0 90.9668
-3.0 -3.0 63.5132
8.0 -3.0 66.4551
5.0 -13.0 89.093
3.0 -3.0 62.9883
8.0 -13.0 90.7043
10.0 -6.0 81.2134
14.0 -13.0 91.0278
13.0 -13.0 91.0522
13.0 1.0 63.5132
13.0 2.0 63.5132
13.0 -1.0 63.5071
7.0 -13.0 90.5334
-4.0 -3.0 63.5132
-1.0 -1.0 63.5132
-1.0 -11.0 81.0974
10.0 -11.0 90.9546
-1.0 -4.0 69.7144
-1.0 1.0 63.5132
2.0 -3.0 63.2019
-1.0 2.0 63.5132
10.0 -9.0 88.1287
10.0 -4.0 70.5383
-1.0 -14.0 63.5132
10.0 -14.0 90.8142
3.0 -13.0 87.1887
10.0 -8.0 85.1624
10.0 -13.0 90.9546
-1.0 -3.0 63.4888
2.0 -13.0 84.4421
0.0 -13.0 75.9094
4.0 -6.0 81.9275
10.0 -3.0 66.3513
-3.0 -13.0 63.5132
-4.0 -13.0 63.5132
4.0 -9.0 90.6738
4.0 -11.0 90.0818
-1.0 -13.0 63.6414
4.0 -8.0 90.3503
10.0 1.0 63.5132
10.0 -1.0 63.5132
4.0 -4.0 70.3613
5.0 -10.0 90.6982
10.0 2.0 63.5132
4.0 -13.0 88.7451
5.0 0.0 63.5132
8.0 -10.0 90.863
0.0 0.0 63.5132
11.0 0.0 63.5132
4.0 -14.0 87.1887
11.0 -10.0 90.1367
-3.0 0.0 63.5132
8.0 0.0 63.5132
7.0 -10.0 90.9546
3.0 0.0 63.5132
14.0 0.0 63.5132
3.0 -10.0 90.0696
-4.0 0.0 63.5132
2.0 0.0 63.5132
7.0 0.0 63.5132
13.0 0.0 63.5132
-1.0 0.0 63.5132
10.0 0.0 63.5132
15.0 -6.0 80.6274
4.0 -1.0 63.5132
4.0 1.0 63.5132
0.0 -10.0 87.1826
10.0 -10.0 90.7227
4.0 -10.0 90.5334
2.0 -10.0 89.1113
4.0 2.0 63.5132
4.0 0.0 63.5132
4.0 -3.0 62.2253
15.0 -8.0 85.6079
14.0 -10.0 87.6343
15.0 -9.0 85.7605
13.0 -10.0 88.3972
15.0 -4.0 70.6299
11.0 -5.0 76.9348
15.0 -14.0 91.0156
5.0 -5.0 77.6733
8.0 -5.0 76.7639
14.0 -5.0 76.825
3.0 -5.0 77.6062
7.0 -5.0 76.8677
13.0 -5.0 76.7761
2.0 -5.0 78.0884
-3.0 -10.0 75.8118
10.0 -5.0 76.7883
-1.0 -10.0 84.4238
15.0 -5.0 76.7456
0.0 -5.0 79.8157
4.0 -5.0 77.71
15.0 -13.0 91.0095
15.0 -3.0 65.1123
-4.0 -10.0 63.6292
-1.0 -5.0 81.6162
15.0 -1.0 63.4949
15.0 -10.0 86.9385
15.0 -11.0 89.2456
15.0 1.0 63.5132
11.0 -15.0 90.8142
15.0 2.0 63.5132
14.0 -15.0 90.9851
13.0 -15.0 90.9729
15.0 0.0 63.5132
8.0 -15.0 90.0818
-3.0 -5.0 82.3364
10.0 -15.0 90.7043
7.0 -15.0 89.093
-5.0 -6.0 80.188
5.0 -15.0 87.1826
-4.0 -5.0 78.3081
15.0 -15.0 91.0461
-5.0 -1.0 63.5132
6.0 -6.0 81.134
-5.0 1.0 63.5132
-5.0 -11.0 63.5132
6.0 -11.0 90.7043
6.0 -9.0 90.7654
-5.0 -9.0 63.6047
-5.0 2.0 63.5132
-5.0 -14.0 63.5132
-5.0 0.0 63.5132
-5.0 -8.0 74.1882
-5.0 -13.0 63.5132
6.0 -4.0 70.4285
-5.0 -10.0 63.5132
3.0 -15.0 81.0974
-5.0 -3.0 63.5132
6.0 -8.0 88.8855
4.0 -15.0 84.4421
-3.0 -15.0 63.5132
0.0 -15.0 63.5132
-4.0 -15.0 63.5132
6.0 -14.0 89.093
6.0 -5.0 77.4353
2.0 -15.0 75.9033
-1.0 -15.0 63.5132
6.0 -10.0 90.7959
-5.0 -5.0 68.8293
6.0 -13.0 90.0818
-5.0 -4.0 63.5132
6.0 -15.0 88.7451
6.0 -3.0 66.1743
-5.0 -15.0 63.5132
6.0 -1.0 63.5132
6.0 1.0 63.5132
6.0 2.0 63.5132
1.0 -6.0 83.7402
1.0 -8.0 89.7156
1.0 -9.0 89.0991
6.0 0.0 63.5132
5.0 3.0 63.5132
1.0 -4.0 72.6074
0.0 3.0 63.5132
11.0 3.0 63.5132
5.0 -7.0 85.3394
1.0 -11.0 87.1826
-3.0 3.0 63.5132
1.0 -5.0 78.7354
8.0 3.0 63.5132
3.0 3.0 63.5132
14.0 3.0 63.5132
-4.0 3.0 63.5132
7.0 3.0 63.5132
11.0 -7.0 84.1736
2.0 3.0 63.5132
13.0 3.0 63.5132
-1.0 3.0 63.5132
10.0 3.0 63.5132
8.0 -7.0 84.1248
4.0 3.0 63.5132
15.0 3.0 63.5132
-5.0 3.0 63.5132
1.0 -10.0 88.7451
6.0 3.0 63.5132
1.0 -1.0 63.5132
0.0 -7.0 88.9832
14.0 -7.0 83.9539
7.0 -7.0 84.3445
1.0 1.0 63.5132
1.0 2.0 63.5132
13.0 -7.0 84.1248
1.0 -13.0 81.0974
10.0 -7.0 83.6853
3.0 -7.0 87.9333
1.0 -14.0 75.9094
15.0 -7.0 83.8135
4.0 -7.0 86.5967
6.0 -7.0 84.8267
2.0 -7.0 89.2639
1.0 -3.0 63.4277
1.0 -15.0 63.6414
1.0 0.0 63.5132
12.0 -6.0 81.0974
-1.0 -7.0 88.8428
12.0 -8.0 85.2539
1.0 -7.0 89.8132
1.0 3.0 63.5132
12.0 -14.0 90.9668
12.0 -7.0 83.8196
12.0 -5.0 76.7883
12.0 -13.0 90.9912
-3.0 -7.0 86.5967
12.0 -11.0 90.8813
12.0 -9.0 86.377
12.0 -15.0 90.9607
12.0 -4.0 70.6665
12.0 -3.0 65.1794
-4.0 -7.0 83.8379
12.0 -10.0 89.2273
-5.0 -7.0 78.9795
12.0 -1.0 63.5132
12.0 1.0 63.5132
12.0 2.0 63.5132
12.0 0.0 63.5132
12.0 3.0 63.5132
-2.0 -6.0 87.5793
11.0 -2.0 63.9099
14.0 -2.0 64.1846
13.0 -2.0 64.4836
-3.0 -2.0 63.5132
0.0 -2.0 63.5132
5.0 -2.0 63.5132
15.0 -2.0 65.6372
8.0 -2.0 63.4949
-4.0 -2.0 63.5132
3.0 -2.0 63.5132
-2.0 -9.0 84.4666
7.0 -2.0 63.5132
2.0 -2.0 63.5132
10.0 -2.0 63.4399
-2.0 -8.0 87.03
-1.0 -2.0 63.5132
12.0 -2.0 64.6179
4.0 -2.0 63.5132
-5.0 -2.0 63.5132
-2.0 1.0 63.5132
-2.0 -1.0 63.5132
-2.0 2.0 63.5132
6.0 -2.0 63.5132
-2.0 -11.0 75.8911
1.0 -2.0 63.5132
-2.0 -14.0 63.5132
5.0 -12.0 90.0818
11.0 -12.0 90.9851
8.0 -12.0 90.8081
-2.0 -7.0 87.8906
7.0 -12.0 90.7043
10.0 -12.0 90.9546
-2.0 -13.0 63.5132
-2.0 -3.0 63.5132
9.0 -6.0 81.0669
13.0 -12.0 90.9973
6.0 -12.0 90.5334
14.0 -12.0 90.9668
-2.0 0.0 63.5132
3.0 -12.0 88.7451
12.0 -12.0 91.04
9.0 -11.0 90.9302
4.0 -12.0 89.0991
-2.0 -4.0 63.5986
-2.0 -10.0 81.0913
-2.0 -5.0 82.2144
9.0 -9.0 89.0503
-2.0 3.0 63.5132
2.0 -12.0 87.1887
9.0 -8.0 85.791
-2.0 -15.0 63.5132
9.0 -14.0 90.7043
9.0 -4.0 70.5933
15.0 -12.0 90.8936
9.0 -13.0 90.8203
0.0 -12.0 81.0974
9.0 -7.0 83.905
9.0 -5.0 76.6907
-2.0 -2.0 63.5132
9.0 -10.0 90.8447
9.0 -15.0 90.5396
-1.0 -12.0 75.9094
9.0 -12.0 90.9485
1.0 -12.0 84.4421
-5.0 -12.0 63.5132
-3.0 -12.0 63.5132
-4.0 -12.0 63.5132
9.0 -3.0 66.2659
9.0 2.0 63.5132
9.0 1.0 63.5132
-2.0 -12.0 63.6414
9.0 0.0 63.5132
9.0 -1.0 63.5132
9.0 3.0 63.5132
9.0 -2.0 63.4766
