-3.0 -1.0 90.9607
-3.0 1.0 90.9607
-3.0 -4.0 90.9607
0.0 -6.0 91.0461
0.0 -9.0 91.0461
-3.0 -9.0 90.9607
0.0 1.0 91.0461
0.0 -11.0 91.0461
-3.0 -6.0 90.9607
3.0 -6.0 91.0156
3.0 -4.0 91.0156
3.0 -1.0 91.0156
3.0 1.0 91.0156
3.0 -11.0 91.0156
0.0 -14.0 91.0461
-3.0 -14.0 90.9607
-4.0 -6.0 90.8203
-4.0 -1.0 90.8203
5.0 -6.0 91.0217
5.0 -1.0 91.0217
5.0 1.0 91.0217
-3.0 -11.0 90.9607
5.0 -11.0 91.0217
5.0 -4.0 91.0217
3.0 -9.0 91.0156
3.0 -14.0 91.0156
-4.0 -11.0 90.8203
-4.0 1.0 90.8203
-4.0 -9.0 90.8203
-4.0 -4.0 90.8203
-4.0 -14.0 90.8203
5.0 -14.0 91.0217
-3.0 2.0 90.9607
0.0 2.0 91.0461
-4.0 2.0 90.8203
3.0 2.0 91.0156
5.0 2.0 91.0217
5.0 -8.0 91.0217
0.0 -8.0 91.0461
7.0 -6.0 91.1377
7.0 -1.0 91.1377
7.0 -11.0 91.1377
7.0 -4.0 91.1377
7.0 1.0 91.1377
7.0 -9.0 91.1377
7.0 -14.0 91.1377
-3.0 -8.0 90.9607
7.0 2.0 91.1377
-4.0 -8.0 90.8203
8.0 -9.0 91.1011
8.0 -11.0 91.1011
8.0 -1.0 91.1011
8.0 -6.0 91.1011
8.0 1.0 91.1011
5.0 -9.0 91.0217
3.0 -8.0 91.0156
2.0 -1.0 91.0156
2.0 -6.0 91.0156
2.0 -9.0 91.0156
2.0 -11.0 91.0156
2.0 -14.0 91.0156
2.0 -4.0 91.0156
2.0 1.0 91.0156
-3.0 -3.0 90.9607
2.0 2.0 91.0156
0.0 -3.0 91.0461
2.0 -8.0 91.0156
8.0 -14.0 91.1011
-4.0 -3.0 90.8203
8.0 2.0 91.1011
3.0 -3.0 91.0156
2.0 -3.0 91.0156
5.0 -3.0 91.0217
7.0 -8.0 91.1377
7.0 -3.0 91.1377
-1.0 -6.0 90.9851
-1.0 -1.0 90.9851
-1.0 -11.0 90.9851
8.0 -8.0 91.1011
-1.0 1.0 90.9851
-1.0 -4.0 90.9851
-1.0 -9.0 90.9851
-1.0 -14.0 90.9851
-1.0 2.0 90.9851
-1.0 -8.0 90.9851
8.0 -3.0 91.1011
-1.0 -3.0 90.9851
0.0 -13.0 91.0461
-3.0 -13.0 90.9607
5.0 -13.0 91.0217
3.0 -13.0 91.0156
8.0 -13.0 91.1011
-4.0 -13.0 90.8203
7.0 -13.0 91.1377
2.0 -13.0 91.0156
11.0 1.0 91.0828
11.0 -6.0 91.0828
0.0 -1.0 91.0461
11.0 -11.0 91.0828
11.0 -9.0 91.0828
-1.0 -13.0 90.9851
11.0 -1.0 91.0828
11.0 -14.0 91.0828
11.0 2.0 91.0828
11.0 -8.0 91.0828
8.0 -4.0 91.1011
11.0 -4.0 91.0828
0.0 -4.0 91.0461
11.0 -3.0 91.0828
0.0 0.0 91.0461
5.0 0.0 91.0217
-3.0 0.0 90.9607
11.0 -13.0 91.0828
8.0 0.0 91.1011
3.0 0.0 91.0156
-4.0 0.0 90.8203
7.0 0.0 91.1377
2.0 0.0 91.0156
10.0 -11.0 91.0889
10.0 -6.0 91.0889
10.0 -1.0 91.0889
10.0 1.0 91.0889
10.0 -9.0 91.0889
10.0 -4.0 91.0889
10.0 -14.0 91.0889
-1.0 0.0 90.9851
10.0 2.0 91.0889
4.0 -6.0 91.0217
4.0 -1.0 91.0217
4.0 -11.0 91.0217
4.0 1.0 91.0217
4.0 -9.0 91.0217
4.0 -14.0 91.0217
4.0 -4.0 91.0217
4.0 2.0 91.0217
0.0 -10.0 91.0461
4.0 -8.0 91.0217
4.0 -3.0 91.0217
4.0 -13.0 91.0217
10.0 -8.0 91.0889
4.0 0.0 91.0217
-3.0 -10.0 90.9607
-4.0 -10.0 90.8203
3.0 -10.0 91.0156
5.0 -10.0 91.0217
2.0 -10.0 91.0156
-1.0 -10.0 90.9851
4.0 -10.0 91.0217
10.0 -13.0 91.0889
10.0 -3.0 91.0889
7.0 -10.0 91.1377
8.0 -10.0 91.1011
10.0 0.0 91.0889
14.0 -1.0 85.8459
14.0 -14.0 85.8459
11.0 0.0 91.0828
10.0 -10.0 91.0889
14.0 -4.0 85.8459
14.0 -11.0 85.8459
14.0 -6.0 85.8459
14.0 1.0 85.8459
14.0 -9.0 85.8459
0.0 -5.0 91.0461
14.0 2.0 85.8459
-3.0 -5.0 90.9607
5.0 -5.0 91.0217
3.0 -5.0 91.0156
13.0 -1.0 87.6831
-4.0 -5.0 90.8203
14.0 -8.0 85.8459
13.0 -4.0 87.6831
2.0 -5.0 91.0156
-1.0 -5.0 90.9851
14.0 -3.0 85.8459
4.0 -5.0 91.0217
13.0 -6.0 87.6831
-5.0 -6.0 90.7043
13.0 -11.0 87.6831
13.0 1.0 87.6831
13.0 -9.0 87.6831
-5.0 -1.0 90.7043
-5.0 -11.0 90.7043
-5.0 1.0 90.7043
13.0 2.0 87.6831
-5.0 -9.0 90.7043
13.0 -14.0 87.6831
-5.0 -4.0 90.7043
-5.0 -14.0 90.7043
13.0 -8.0 87.6831
-5.0 -8.0 90.7043
-5.0 2.0 90.7043
7.0 -5.0 91.1377
-5.0 -3.0 90.7043
-5.0 -13.0 90.7043
-5.0 0.0 90.7043
-5.0 -10.0 90.7043
-5.0 -5.0 90.7043
0.0 -15.0 91.0461
-3.0 -15.0 90.9607
-4.0 -15.0 90.8203
3.0 -15.0 91.0156
13.0 -3.0 87.6831
2.0 -15.0 91.0156
-1.0 -15.0 90.9851
8.0 -5.0 91.1011
5.0 -15.0 91.0217
-5.0 -15.0 90.7043
4.0 -15.0 91.0217
6.0 -6.0 91.1438
6.0 -1.0 91.1438
6.0 -11.0 91.1438
7.0 -15.0 91.1377
6.0 1.0 91.1438
6.0 -9.0 91.1438
6.0 -4.0 91.1438
6.0 -14.0 91.1438
6.0 2.0 91.1438
8.0 -15.0 91.1011
6.0 -8.0 91.1438
6.0 -3.0 91.1438
6.0 -13.0 91.1438
11.0 -10.0 91.0828
6.0 0.0 91.1438
14.0 -13.0 85.8459
6.0 -10.0 91.1438
6.0 -5.0 91.1438
0.0 3.0 91.0461
-3.0 3.0 90.9607
6.0 -15.0 91.1438
-4.0 3.0 90.8203
3.0 3.0 91.0156
5.0 3.0 91.0217
2.0 3.0 91.0156
-1.0 3.0 90.9851
4.0 3.0 91.0217
-5.0 3.0 90.7043
7.0 3.0 91.1377
1.0 -6.0 91.0217
6.0 3.0 91.1438
1.0 -1.0 91.0217
1.0 -11.0 91.0217
1.0 1.0 91.0217
1.0 -9.0 91.0217
8.0 3.0 91.1011
1.0 -4.0 91.0217
1.0 -14.0 91.0217
1.0 2.0 91.0217
1.0 -8.0 91.0217
1.0 -3.0 91.0217
1.0 -13.0 91.0217
1.0 0.0 91.0217
1.0 -10.0 91.0217
1.0 -5.0 91.0217
1.0 -15.0 91.0217
13.0 -13.0 87.6831
1.0 3.0 91.0217
0.0 -7.0 91.0461
10.0 -5.0 91.0889
-3.0 -7.0 90.9607
5.0 -7.0 91.0217
3.0 -7.0 91.0156
-4.0 -7.0 90.8203
2.0 -7.0 91.0156
10.0 -15.0 91.0889
-1.0 -7.0 90.9851
7.0 -7.0 91.1377
4.0 -7.0 91.0217
8.0 -7.0 91.1011
-5.0 -7.0 90.7043
6.0 -7.0 91.1438
1.0 -7.0 91.0217
10.0 3.0 91.0889
11.0 -5.0 91.0828
11.0 -15.0 91.0828
15.0 -11.0 77.3376
15.0 1.0 77.3376
15.0 -6.0 77.3376
15.0 -1.0 77.3376
10.0 -7.0 91.0889
14.0 0.0 85.8459
15.0 -9.0 77.3376
15.0 -4.0 77.3376
11.0 3.0 91.0828
13.0 0.0 87.6831
13.0 -10.0 87.6831
14.0 -10.0 85.8459
11.0 -7.0 91.0828
15.0 -14.0 77.3376
15.0 2.0 77.3376
15.0 -8.0 77.3376
0.0 -2.0 91.0461
-3.0 -2.0 90.9607
5.0 -2.0 91.0217
15.0 -3.0 77.3376
3.0 -2.0 91.0156
-4.0 -2.0 90.8203
15.0 -13.0 77.3376
15.0 -10.0 77.3376
15.0 0.0 77.3376
-1.0 -2.0 90.9851
2.0 -2.0 91.0156
4.0 -2.0 91.0217
7.0 -2.0 91.1377
15.0 -5.0 77.3376
-5.0 -2.0 90.7043
1.0 -2.0 91.0217
8.0 -2.0 91.1011
-2.0 -6.0 90.9729
-2.0 -1.0 90.9729
6.0 -2.0 91.1438
-2.0 -11.0 90.9729
-2.0 1.0 90.9729
-2.0 -9.0 90.9729
15.0 -15.0 77.3376
-2.0 -4.0 90.9729
-2.0 -14.0 90.9729
-2.0 2.0 90.9729
-2.0 -8.0 90.9729
-2.0 -13.0 90.9729
-2.0 -3.0 90.9729
-2.0 0.0 90.9729
-2.0 -10.0 90.9729
-2.0 -5.0 90.9729
-2.0 -15.0 90.9729
-2.0 3.0 90.9729
-2.0 -7.0 90.9729
-2.0 -2.0 90.9729
0.0 -12.0 91.0461
-3.0 -12.0 90.9607
5.0 -12.0 91.0217
3.0 -12.0 91.0156
13.0 -5.0 87.6831
-4.0 -12.0 90.8203
14.0 -5.0 85.8459
2.0 -12.0 91.0156
15.0 3.0 77.3376
7.0 -12.0 91.1377
-1.0 -12.0 90.9851
8.0 -12.0 91.1011
4.0 -12.0 91.0217
-5.0 -12.0 90.7043
14.0 -15.0 85.8459
13.0 -15.0 87.6831
1.0 -12.0 91.0217
6.0 -12.0 91.1438
-2.0 -12.0 90.9729
10.0 -2.0 91.0889
12.0 -6.0 90.3503
13.0 3.0 87.6831
14.0 3.0 85.8459
15.0 -7.0 77.3376
12.0 -1.0 90.3503
12.0 -11.0 90.3503
9.0 -6.0 91.0156
9.0 -1.0 91.0156
9.0 -11.0 91.0156
11.0 -2.0 91.0828
14.0 -7.0 85.8459
10.0 -12.0 91.0889
9.0 1.0 91.0156
12.0 1.0 90.3503
9.0 -9.0 91.0156
13.0 -7.0 87.6831
9.0 -4.0 91.0156
9.0 -14.0 91.0156
12.0 -4.0 90.3503
12.0 -9.0 90.3503
9.0 2.0 91.0156
12.0 -14.0 90.3503
9.0 -8.0 91.0156
12.0 2.0 90.3503
12.0 -8.0 90.3503
9.0 -3.0 91.0156
9.0 -13.0 91.0156
12.0 -3.0 90.3503
12.0 -13.0 90.3503
12.0 -10.0 90.3503
9.0 -5.0 91.0156
9.0 -15.0 91.0156
9.0 3.0 91.0156
9.0 0.0 91.0156
9.0 -2.0 91.0156
12.0 0.0 90.3503
12.0 -5.0 90.3503
9.0 -10.0 91.0156
11.0 -12.0 91.0828
12.0 -7.0 90.3503
9.0 -7.0 91.0156
9.0 -12.0 91.0156
12.0 3.0 90.3503
12.0 -15.0 90.3503
12.0 -2.0 90.3503
15.0 -2.0 77.3376
13.0 -2.0 87.6831
14.0 -2.0 85.8459
12.0 -12.0 90.3503
13.0 -12.0 87.6831
15.0 -12.0 77.3376
14.0 -12.0 85.8459
