0.0 -6.0 92.2424
8.0 -6.0 92.688
11.0 -6.0 91.5405
8.0 -4.0 90.2161
-3.0 -4.0 93.3594
3.0 -4.0 91.5405
11.0 -4.0 89.4409
-3.0 -6.0 90.863
0.0 -1.0 89.3188
3.0 -1.0 88.8062
8.0 -9.0 89.9597
3.0 -6.0 93.3655
-3.0 1.0 88.5986
5.0 -1.0 88.5986
5.0 -6.0 93.3594
8.0 -1.0 88.1104
0.0 1.0 88.1104
14.0 -6.0 90.7471
5.0 1.0 87.97
0.0 -11.0 63.5132
-3.0 -11.0 63.5132
3.0 1.0 87.97
-3.0 -9.0 63.5132
14.0 -4.0 89.093
3.0 -9.0 64.624
5.0 -4.0 90.9729
0.0 -4.0 92.688
11.0 -11.0 64.624
-3.0 -1.0 89.8254
0.0 -9.0 63.5132
5.0 -9.0 83.1421
11.0 -9.0 91.7114
8.0 -11.0 63.5132
3.0 -11.0 63.5132
5.0 -11.0 63.5132
11.0 -1.0 87.97
-4.0 -1.0 90.2161
8.0 1.0 88.1104
14.0 -11.0 84.6924
11.0 1.0 88.0615
-4.0 -4.0 93.4509
-4.0 1.0 88.5681
-4.0 -6.0 89.9597
14.0 -1.0 88.1104
11.0 -8.0 93.3655
3.0 -14.0 63.5132
5.0 -8.0 90.863
7.0 -4.0 90.5884
5.0 -14.0 63.5132
8.0 -8.0 92.2424
0.0 -14.0 63.5132
11.0 -14.0 63.5132
-3.0 -14.0 63.5132
7.0 -9.0 88.5437
14.0 -8.0 93.1458
8.0 -14.0 63.5132
-4.0 2.0 88.1104
7.0 -6.0 92.9871
14.0 1.0 88.0676
14.0 -9.0 92.9993
14.0 -14.0 63.5132
-4.0 -11.0 63.5132
7.0 -8.0 91.7114
2.0 -6.0 92.9993
-3.0 2.0 88.0432
-4.0 -9.0 63.5132
-4.0 -14.0 63.5132
3.0 -8.0 88.5437
0.0 2.0 87.9883
2.0 -4.0 91.8823
3.0 2.0 88.1104
7.0 1.0 88.1104
7.0 -1.0 88.1897
5.0 2.0 88.1226
2.0 -1.0 89.093
7.0 -11.0 63.5132
7.0 -14.0 63.5132
-3.0 -3.0 92.3279
0.0 -8.0 77.9846
0.0 -3.0 91.2903
5.0 -3.0 89.8254
8.0 2.0 88.0737
3.0 -3.0 90.5884
-4.0 -3.0 92.688
11.0 2.0 88.0676
-3.0 -8.0 63.5132
8.0 -3.0 89.3188
11.0 -3.0 88.8062
7.0 2.0 88.0615
2.0 -3.0 90.7471
13.0 -6.0 90.9729
7.0 -3.0 89.4409
13.0 -9.0 92.5903
13.0 -8.0 93.3594
2.0 -8.0 84.6924
14.0 2.0 88.0798
14.0 -3.0 88.4949
-4.0 -8.0 63.5132
2.0 1.0 88.0615
-1.0 -4.0 92.9871
-1.0 -6.0 91.7114
13.0 -4.0 89.1663
2.0 -11.0 63.5132
-1.0 -1.0 89.4409
2.0 2.0 88.1104
2.0 -14.0 63.5132
-1.0 -3.0 91.5405
2.0 -9.0 63.5132
13.0 -3.0 88.5986
-1.0 1.0 88.1897
13.0 -11.0 83.1421
13.0 -1.0 87.97
10.0 -6.0 91.8823
10.0 -9.0 91.2781
10.0 -8.0 92.9993
10.0 -4.0 89.4165
13.0 1.0 88.0737
-1.0 2.0 87.97
13.0 -14.0 63.5132
-1.0 -11.0 63.5132
10.0 -3.0 89.093
-1.0 -9.0 63.5132
-1.0 -14.0 63.5132
-1.0 -8.0 64.624
5.0 -13.0 63.5132
0.0 -13.0 63.5132
-3.0 -13.0 63.5132
0.0 0.0 88.5681
11.0 -13.0 63.5132
3.0 -13.0 63.5132
-3.0 0.0 89.1663
8.0 -13.0 63.5132
7.0 -13.0 63.5132
-4.0 -13.0 63.5132
13.0 2.0 88.0859
10.0 -1.0 88.0615
13.0 -13.0 63.5132
14.0 -13.0 63.5132
5.0 0.0 88.0432
2.0 -13.0 63.5132
-1.0 -13.0 63.5132
-4.0 0.0 89.3188
4.0 -6.0 93.4509
3.0 0.0 88.1897
-1.0 0.0 88.8062
10.0 -11.0 63.5132
10.0 -14.0 63.5132
10.0 1.0 88.0676
10.0 -13.0 63.5132
4.0 -4.0 91.2903
2.0 0.0 88.4949
4.0 -1.0 88.5681
4.0 -3.0 90.2161
10.0 2.0 88.0676
11.0 0.0 88.1104
8.0 0.0 87.9883
4.0 -8.0 89.9597
14.0 -10.0 91.2781
7.0 0.0 87.97
4.0 0.0 88.1104
13.0 -10.0 90.863
11.0 -10.0 88.5437
15.0 -6.0 90.5884
14.0 0.0 88.0676
15.0 -9.0 93.3655
13.0 0.0 88.1226
10.0 0.0 88.1104
4.0 1.0 87.9883
15.0 -8.0 92.9871
4.0 -11.0 63.5132
4.0 -9.0 77.9846
4.0 -14.0 63.5132
15.0 -4.0 88.8062
4.0 2.0 88.1104
4.0 -13.0 63.5132
15.0 -11.0 88.5437
10.0 -10.0 84.6924
-3.0 -10.0 63.5132
0.0 -5.0 93.4509
0.0 -10.0 63.5132
5.0 -10.0 63.5132
15.0 -10.0 91.7114
3.0 -10.0 63.5132
-3.0 -5.0 92.5903
8.0 -10.0 77.9846
-4.0 -10.0 63.5132
5.0 -5.0 92.3279
15.0 -3.0 88.1897
3.0 -5.0 92.9871
-4.0 -5.0 92.2424
2.0 -10.0 63.5132
11.0 -5.0 90.5884
7.0 -10.0 64.624
8.0 -5.0 91.2903
4.0 -10.0 63.5132
2.0 -5.0 93.1458
-1.0 -5.0 93.3655
7.0 -5.0 91.5405
14.0 -5.0 89.4165
15.0 -1.0 88.1104
-1.0 -10.0 63.5132
4.0 -5.0 92.688
13.0 -5.0 89.8254
-5.0 -4.0 93.3655
10.0 -5.0 90.7471
-5.0 -3.0 92.9871
15.0 -14.0 63.5132
-5.0 -1.0 90.5884
15.0 1.0 88.0676
15.0 -5.0 89.4409
15.0 -13.0 63.5132
-5.0 -5.0 91.7114
-5.0 1.0 88.8062
-5.0 0.0 89.4409
15.0 2.0 87.8235
15.0 0.0 88.0615
-5.0 2.0 88.1897
-5.0 -6.0 88.5437
6.0 -6.0 93.1458
6.0 -4.0 90.7471
-5.0 -9.0 63.5132
6.0 -8.0 91.2781
6.0 -3.0 89.4165
-5.0 -8.0 63.5132
6.0 -1.0 88.4949
-5.0 -11.0 63.5132
-5.0 -10.0 63.5132
-5.0 -14.0 63.5132
-5.0 -13.0 63.5132
11.0 -15.0 63.5132
6.0 -5.0 91.8823
5.0 -15.0 63.5132
14.0 -15.0 63.5132
6.0 -9.0 84.6924
0.0 -15.0 63.5132
-3.0 -15.0 63.5132
2.0 -15.0 63.5132
-1.0 -15.0 63.5132
8.0 -15.0 63.5132
3.0 -15.0 63.5132
15.0 -15.0 63.5132
4.0 -15.0 63.5132
7.0 -15.0 63.5132
-4.0 -15.0 63.5132
13.0 -15.0 63.5132
10.0 -15.0 63.5132
-5.0 -15.0 63.5132
6.0 1.0 88.1104
6.0 -11.0 63.5132
6.0 -14.0 63.5132
1.0 -6.0 92.5903
6.0 0.0 88.0615
6.0 -13.0 63.5132
6.0 2.0 88.0676
1.0 -4.0 92.3279
6.0 -10.0 63.5132
1.0 -3.0 90.9729
6.0 -15.0 63.5132
1.0 -1.0 89.1663
1.0 -5.0 93.3594
8.0 -7.0 93.4509
5.0 -7.0 92.5903
3.0 -7.0 91.7114
11.0 -7.0 92.9871
1.0 -8.0 83.1421
1.0 0.0 88.5986
-3.0 3.0 87.97
1.0 -11.0 63.5132
-4.0 3.0 87.9883
1.0 -14.0 63.5132
1.0 1.0 88.0432
7.0 -7.0 93.3655
5.0 3.0 88.0737
-5.0 3.0 87.97
0.0 3.0 88.1104
-1.0 3.0 88.1104
14.0 -7.0 91.8823
1.0 2.0 87.97
0.0 -7.0 89.9597
1.0 -10.0 63.5132
10.0 -7.0 93.1458
7.0 3.0 88.0676
1.0 -9.0 63.5132
2.0 3.0 88.0676
13.0 -7.0 92.3279
3.0 3.0 88.0615
1.0 -13.0 63.5132
8.0 3.0 88.0737
6.0 3.0 88.0676
11.0 3.0 87.8235
4.0 3.0 88.0737
2.0 -7.0 91.2781
12.0 -6.0 91.2903
4.0 -7.0 92.2424
6.0 -7.0 92.9993
1.0 -7.0 90.863
15.0 -7.0 91.5405
10.0 3.0 88.0798
1.0 -15.0 63.5132
12.0 -9.0 92.2424
1.0 3.0 88.1226
12.0 -8.0 93.4509
-3.0 -7.0 83.1421
13.0 3.0 87.8052
12.0 -4.0 89.3188
12.0 -5.0 90.2161
14.0 3.0 86.4868
-1.0 -7.0 88.5437
12.0 -7.0 92.688
15.0 3.0 84.0759
0.0 -2.0 90.2161
12.0 -10.0 89.9597
-4.0 -7.0 77.9846
12.0 -3.0 88.5681
-3.0 -2.0 90.9729
5.0 -2.0 89.1663
-4.0 -2.0 91.2903
3.0 -2.0 89.4409
-5.0 -7.0 64.624
7.0 -2.0 88.8062
2.0 -2.0 89.4165
8.0 -2.0 88.5681
-1.0 -2.0 90.5884
12.0 -11.0 77.9846
-5.0 -2.0 91.5405
12.0 -1.0 87.9883
11.0 -2.0 88.1897
1.0 -2.0 89.8254
4.0 -2.0 89.3188
-2.0 -6.0 91.2781
-2.0 -4.0 93.1458
6.0 -2.0 89.093
-2.0 -1.0 89.4165
12.0 -13.0 63.5132
12.0 -14.0 63.5132
12.0 1.0 88.0737
12.0 -15.0 63.5132
10.0 -2.0 88.4949
-2.0 -3.0 91.8823
-2.0 -5.0 92.9993
13.0 -2.0 88.0432
14.0 -2.0 88.0615
12.0 0.0 88.1104
12.0 -2.0 88.1104
12.0 2.0 88.0737
-2.0 1.0 88.4949
-2.0 0.0 89.093
-2.0 -2.0 90.7471
15.0 -2.0 87.97
12.0 3.0 87.8113
-2.0 2.0 88.0615
-2.0 -11.0 63.5132
-2.0 -7.0 84.6924
-2.0 -14.0 63.5132
-2.0 -9.0 63.5132
9.0 -6.0 92.3279
-2.0 -8.0 63.5132
-2.0 -13.0 63.5132
-2.0 3.0 88.1104
-2.0 -10.0 63.5132
-2.0 -15.0 63.5132
5.0 -12.0 63.5132
9.0 -9.0 90.863
9.0 -4.0 89.8254
0.0 -12.0 63.5132
9.0 -8.0 92.5903
-4.0 -12.0 63.5132
11.0 -12.0 63.5132
-3.0 -12.0 63.5132
7.0 -12.0 63.5132
8.0 -12.0 63.5132
9.0 -1.0 88.0432
3.0 -12.0 63.5132
13.0 -12.0 63.5132
14.0 -12.0 63.5132
4.0 -12.0 63.5132
2.0 -12.0 63.5132
15.0 -12.0 64.624
9.0 -7.0 93.3594
-1.0 -12.0 63.5132
1.0 -12.0 63.5132
10.0 -12.0 63.5132
9.0 -5.0 90.9729
9.0 -3.0 89.1663
6.0 -12.0 63.5132
-5.0 -12.0 63.5132
12.0 -12.0 63.5132
-2.0 -12.0 63.5132
9.0 -11.0 63.5132
9.0 -14.0 63.5132
9.0 -10.0 83.1421
9.0 -13.0 63.5132
9.0 -15.0 63.5132
9.0 -12.0 63.5132
9.0 1.0 88.1226
9.0 -2.0 88.5986
9.0 0.0 87.97
9.0 2.0 88.0737
9.0 3.0 88.0859
