5.0 -6.0 93.4082
11.0 -4.0 91.5955
3.0 -4.0 93.6218
8.0 -9.0 92.6453
5.0 -9.0 91.571
0.0 -4.0 92.7734
8.0 -4.0 92.5049
8.0 -11.0 91.3879
0.0 -6.0 91.5283
3.0 -9.0 90.9912
5.0 -4.0 93.2068
5.0 -11.0 90.7959
11.0 -11.0 92.4255
11.0 -6.0 92.2668
3.0 -11.0 90.1489
-3.0 -4.0 91.1255
0.0 -9.0 89.1479
11.0 -9.0 93.2739
-3.0 -6.0 89.3921
0.0 -11.0 87.2131
11.0 -14.0 91.0645
-3.0 -9.0 84.3994
3.0 -6.0 92.8223
8.0 -14.0 90.7043
14.0 -6.0 91.2354
5.0 -14.0 89.0991
14.0 -4.0 90.9668
14.0 -14.0 91.4429
-3.0 -11.0 75.5798
14.0 -11.0 93.1458
-4.0 -6.0 88.7329
3.0 -14.0 87.1887
-4.0 -4.0 90.4968
14.0 -9.0 92.9016
-3.0 -1.0 79.6265
7.0 -6.0 93.3289
0.0 -14.0 75.8667
-3.0 -14.0 63.5132
-4.0 -9.0 80.8289
7.0 -11.0 91.1377
-4.0 -11.0 63.5742
7.0 -9.0 92.3889
7.0 -4.0 92.7734
-4.0 -14.0 63.5132
7.0 -14.0 90.5334
5.0 -8.0 92.4072
-4.0 -1.0 74.5117
8.0 -8.0 93.2373
3.0 -8.0 91.4795
0.0 -8.0 90.4053
11.0 -8.0 93.3105
0.0 -1.0 89.6362
7.0 -8.0 93.0115
2.0 -6.0 92.4622
-3.0 -8.0 87.2314
2.0 -9.0 90.6677
14.0 -8.0 92.4866
2.0 -4.0 93.4631
2.0 -11.0 89.1418
-4.0 -8.0 84.3079
8.0 -1.0 89.5874
5.0 -1.0 89.8865
11.0 -1.0 89.3738
2.0 -8.0 91.1316
5.0 -3.0 92.9749
11.0 -3.0 91.8701
0.0 -3.0 93.1274
14.0 -1.0 89.209
8.0 -3.0 92.2302
14.0 -3.0 91.2292
2.0 -14.0 84.436
3.0 -3.0 93.3777
7.0 -3.0 92.5537
-3.0 -3.0 91.0645
2.0 -3.0 93.3899
13.0 -6.0 91.5833
13.0 -4.0 91.1743
-4.0 -3.0 90.2039
13.0 -14.0 91.3025
13.0 -3.0 91.4368
13.0 -11.0 92.9871
-1.0 -6.0 91.0034
13.0 -9.0 93.2922
7.0 -1.0 89.679
13.0 -8.0 92.6575
-1.0 -4.0 92.2119
-1.0 -9.0 88.7573
-1.0 -11.0 84.4482
-3.0 1.0 70.0073
8.0 -6.0 93.1702
-1.0 -8.0 89.2273
-1.0 -3.0 92.6514
5.0 -13.0 90.1001
2.0 -1.0 90.1123
11.0 -13.0 91.2476
-4.0 1.0 66.7786
-1.0 -14.0 63.6292
8.0 -13.0 90.863
14.0 -13.0 92.1021
7.0 -13.0 90.7166
0.0 1.0 82.1716
3.0 -13.0 88.7329
0.0 -13.0 81.0913
-1.0 -1.0 87.3535
13.0 -13.0 91.7358
10.0 -6.0 92.6147
2.0 -13.0 87.1887
-4.0 2.0 65.3625
-3.0 -13.0 63.5132
10.0 -11.0 92.1387
10.0 -4.0 91.9128
10.0 -14.0 91.0095
10.0 -9.0 93.1396
-3.0 2.0 67.0959
-4.0 -13.0 63.5132
10.0 -3.0 92.1143
10.0 -8.0 93.335
13.0 -1.0 89.3005
10.0 -13.0 91.1072
-1.0 -13.0 75.8179
5.0 1.0 83.1482
11.0 1.0 82.9529
8.0 1.0 83.0322
3.0 1.0 83.2397
3.0 -1.0 90.0269
14.0 1.0 82.9529
4.0 -6.0 93.2373
4.0 -11.0 90.5579
4.0 -9.0 91.2048
4.0 -4.0 93.4021
4.0 -8.0 91.8945
4.0 -14.0 88.7451
4.0 -3.0 93.1396
7.0 1.0 83.0872
0.0 2.0 78.0212
4.0 -13.0 89.0991
5.0 -10.0 91.1011
10.0 -1.0 89.447
11.0 -10.0 92.9565
11.0 2.0 79.1199
0.0 -10.0 88.7512
8.0 -10.0 92.0776
2.0 1.0 83.2458
3.0 -10.0 90.6189
5.0 2.0 79.2847
8.0 2.0 79.1809
3.0 2.0 79.3335
-1.0 1.0 78.3264
14.0 2.0 79.1016
7.0 -10.0 91.6809
-3.0 -10.0 80.9753
2.0 -10.0 90.1672
-4.0 0.0 69.9829
10.0 -10.0 92.6697
4.0 -10.0 90.8875
-3.0 0.0 73.6877
15.0 -6.0 91.0461
13.0 -10.0 93.2007
14.0 -10.0 93.2678
7.0 2.0 79.2236
4.0 -1.0 89.9048
-1.0 -10.0 87.2314
15.0 -4.0 90.7593
13.0 1.0 82.9407
-4.0 -10.0 75.3296
15.0 -3.0 91.2048
5.0 -5.0 93.3899
15.0 -14.0 91.7175
11.0 -5.0 91.7175
0.0 -5.0 92.2546
15.0 -11.0 93.1946
8.0 -5.0 92.7002
2.0 2.0 79.3823
3.0 -5.0 93.5059
14.0 -5.0 91.1011
-3.0 -5.0 90.6799
15.0 -13.0 92.3828
-1.0 2.0 74.0356
7.0 -5.0 93.0359
2.0 -5.0 93.1396
-1.0 0.0 82.5012
15.0 -8.0 92.1509
15.0 -9.0 92.6453
13.0 -5.0 91.3452
-1.0 -5.0 91.5771
4.0 -5.0 93.4937
15.0 -10.0 93.1396
-4.0 -5.0 89.3555
10.0 -5.0 92.2119
0.0 0.0 85.9314
15.0 -5.0 90.7776
3.0 0.0 86.6577
5.0 0.0 86.5723
8.0 0.0 86.3586
11.0 0.0 86.2244
13.0 0.0 86.1938
7.0 0.0 86.3892
14.0 0.0 86.2488
13.0 2.0 79.1016
-5.0 -6.0 87.0544
11.0 -15.0 90.979
2.0 0.0 86.731
10.0 0.0 86.2732
-5.0 -4.0 88.9526
5.0 -15.0 88.7451
8.0 -15.0 90.5273
-5.0 -5.0 88.2935
14.0 -15.0 91.2354
-5.0 -11.0 63.5132
-5.0 -3.0 87.9883
7.0 -15.0 90.0879
-5.0 -9.0 74.3286
13.0 -15.0 91.0828
10.0 -15.0 90.8142
-5.0 -8.0 80.5847
-5.0 -14.0 63.5132
6.0 -6.0 93.4998
-5.0 -13.0 63.5132
-5.0 -10.0 63.5437
0.0 -15.0 63.6353
15.0 -15.0 91.3147
-5.0 -1.0 70.4956
15.0 -1.0 89.2395
10.0 1.0 82.9895
6.0 -4.0 92.981
3.0 -15.0 84.4421
6.0 -9.0 92.0532
6.0 -11.0 90.9973
-3.0 -15.0 63.5132
4.0 -15.0 87.1948
6.0 -8.0 92.6575
6.0 -3.0 92.8772
6.0 -14.0 90.0818
-4.0 -15.0 63.5132
2.0 -15.0 81.0974
6.0 -13.0 90.5518
6.0 -5.0 93.1885
6.0 -10.0 91.3208
-1.0 -15.0 63.5132
6.0 -15.0 89.0991
-5.0 -15.0 63.5132
4.0 0.0 86.6333
1.0 -6.0 92.1021
1.0 -4.0 93.3167
1.0 -9.0 90.2893
1.0 -11.0 88.7634
4.0 1.0 83.1665
10.0 2.0 79.1321
-5.0 0.0 66.4734
1.0 -8.0 90.8325
1.0 -3.0 93.3716
1.0 -14.0 81.0913
1.0 -5.0 92.6758
1.0 -13.0 84.4421
1.0 -10.0 89.1541
15.0 0.0 86.2488
6.0 -1.0 89.8438
5.0 -7.0 92.9565
0.0 -7.0 90.918
-5.0 1.0 65.1428
4.0 2.0 79.2908
8.0 -7.0 93.4204
11.0 -7.0 92.8101
1.0 -15.0 75.9033
3.0 -7.0 92.2913
-5.0 2.0 64.0381
-3.0 -7.0 88.7573
1.0 -1.0 90.1428
7.0 -7.0 93.4082
2.0 -7.0 91.6687
4.0 -7.0 92.5171
10.0 -7.0 93.0603
-1.0 -7.0 90.5823
14.0 -7.0 91.9495
15.0 1.0 82.9773
-4.0 -7.0 87.1948
6.0 -7.0 93.2434
13.0 -7.0 92.1326
1.0 -7.0 91.3086
15.0 -7.0 91.4795
12.0 -4.0 91.4978
12.0 -6.0 92.0654
12.0 -11.0 92.6514
12.0 -14.0 91.1682
-5.0 -7.0 83.9722
12.0 -9.0 93.3105
12.0 -3.0 91.6077
12.0 -8.0 92.9199
12.0 -13.0 91.5039
6.0 0.0 86.4624
12.0 -5.0 91.4978
12.0 -15.0 91.0034
12.0 -10.0 93.1335
12.0 -7.0 92.4988
-5.0 3.0 63.6047
15.0 2.0 79.126
0.0 -2.0 92.7612
-3.0 -2.0 87.9639
-4.0 3.0 64.2822
5.0 -2.0 92.6575
11.0 -2.0 91.7969
-3.0 3.0 65.686
8.0 -2.0 92.2974
6.0 1.0 83.136
3.0 -2.0 92.8406
1.0 0.0 86.7554
14.0 -2.0 91.5039
-4.0 -2.0 84.6375
-1.0 -2.0 91.9922
12.0 -1.0 89.3311
7.0 -2.0 92.3889
2.0 -2.0 92.8711
13.0 -2.0 91.5588
10.0 -2.0 91.8457
-2.0 -6.0 90.7104
1.0 1.0 83.2703
4.0 -2.0 92.7795
15.0 -2.0 91.4185
-5.0 -2.0 78.9551
1.0 -2.0 92.9199
-1.0 3.0 70.6543
-2.0 -4.0 91.571
6.0 -2.0 92.45
12.0 -2.0 91.6199
0.0 3.0 74.1638
6.0 2.0 79.2603
-2.0 -9.0 87.2375
-2.0 -3.0 91.8457
-2.0 -11.0 81.0669
-2.0 -8.0 88.7756
-2.0 -5.0 91.1804
-2.0 -1.0 83.7646
-2.0 -7.0 89.3188
5.0 -12.0 90.5579
11.0 -12.0 91.7358
-2.0 -14.0 63.5132
-2.0 -10.0 84.4116
8.0 -12.0 91.1133
-2.0 -13.0 63.6292
-2.0 -2.0 90.4541
3.0 -12.0 89.1174
7.0 -12.0 90.918
0.0 -12.0 84.4238
-2.0 -15.0 63.5132
14.0 -12.0 92.627
10.0 -12.0 91.4246
13.0 -12.0 92.4194
2.0 -12.0 88.7512
4.0 -12.0 90.1062
1.0 2.0 79.4006
-3.0 -12.0 63.6169
12.0 0.0 86.2
5.0 3.0 75.3601
6.0 -12.0 90.7532
3.0 3.0 75.4211
12.0 -12.0 92.0776
8.0 3.0 75.293
9.0 -6.0 92.9443
11.0 3.0 75.2625
2.0 3.0 75.4333
7.0 3.0 75.3174
9.0 -11.0 91.7419
-1.0 -12.0 81.0852
14.0 3.0 75.2563
-4.0 -12.0 63.5132
6.0 3.0 75.3418
9.0 -9.0 92.9688
10.0 3.0 75.2563
9.0 -4.0 92.1753
15.0 -12.0 93.0603
13.0 3.0 75.2686
9.0 -8.0 93.3228
1.0 -12.0 87.1948
4.0 3.0 75.3906
9.0 -14.0 90.8325
9.0 -10.0 92.4377
9.0 -3.0 92.2363
-5.0 -12.0 63.5132
9.0 -5.0 92.45
9.0 -13.0 90.9973
15.0 3.0 75.2747
9.0 -15.0 90.7043
9.0 -7.0 93.3167
9.0 -12.0 91.2292
-2.0 -12.0 75.7507
12.0 1.0 82.959
9.0 -2.0 92.0105
1.0 3.0 75.4761
-2.0 0.0 78.3936
-2.0 1.0 73.9807
12.0 2.0 79.1016
9.0 -1.0 89.5508
-2.0 2.0 70.3979
9.0 0.0 86.3098
12.0 3.0 75.2563
-2.0 3.0 67.7795
9.0 1.0 82.9895
9.0 2.0 79.1382
9.0 3.0 75.2808
