3.0 -4.75 93.5425
2.25 -4.75 93.4021
3.0 -4.5 93.5364
3.75 -4.5 93.5059
2.5 -4.5 93.5181
2.25 -4.5 93.4937
3.5 -4.5 93.5547
3.0 -4.0 93.6218
3.75 -4.75 93.5181
3.5 -4.0 93.4631
3.5 -4.75 93.5364
2.75 -4.0 93.6584
3.75 -3.75 93.3228
3.5 -3.75 93.4021
2.5 -3.75 93.5913
2.25 -3.75 93.5425
2.75 -3.75 93.573
3.75 -3.5 93.2983
3.75 -4.0 93.3533
2.5 -4.75 93.4814
3.0 -3.5 93.4204
2.5 -4.0 93.5974
2.5 -3.5 93.4875
3.5 -3.5 93.3472
2.25 -3.5 93.5242
2.75 -3.5 93.4937
2.25 -4.0 93.4875
3.5 -3.25 93.3044
3.0 -3.75 93.5486
2.75 -3.25 93.4204
2.75 -4.75 93.5242
2.75 -4.5 93.5364
2.25 -3.25 93.4509
3.0 -3.25 93.4448
2.5 -3.25 93.4509
3.75 -3.25 93.2129
3.0 -5.0 93.5059
2.5 -5.0 93.4021
3.75 -5.0 93.5364
3.5 -5.0 93.5425
2.75 -5.0 93.4448
2.25 -5.0 93.2678
4.0 -4.75 93.4814
4.0 -5.0 93.4937
4.0 -4.5 93.4998
4.0 -4.0 93.4021
4.0 -3.75 93.3228
2.0 -4.75 93.3105
2.0 -4.5 93.4509
2.0 -5.0 93.1396
4.0 -3.5 93.1824
2.25 -4.25 93.5059
3.5 -4.25 93.5486
2.5 -4.25 93.512
3.75 -4.25 93.5059
2.0 -3.75 93.4937
3.0 -4.25 93.6157
2.0 -3.5 93.5242
2.0 -4.0 93.4631
2.75 -4.25 93.5486
4.0 -3.25 93.1946
4.0 -4.25 93.3838
2.0 -4.25 93.4509
3.75 -3.0 93.1946
2.5 -3.0 93.3899
3.5 -3.0 93.2312
2.0 -3.25 93.4326
3.0 -3.0 93.3777
2.25 -3.0 93.3655
4.0 -3.0 93.1396
2.75 -3.0 93.3777
2.0 -3.0 93.3899
3.25 -4.0 93.6035
3.25 -4.75 93.5425
3.25 -3.5 93.3838
3.25 -4.5 93.5608
3.25 -5.0 93.5303
3.25 -4.25 93.5852
3.25 -3.25 93.3838
3.25 -3.75 93.4326
3.25 -3.0 93.2739
