3.0 -4.0 84.668
8.0 -4.0 86.4258
11.0 -4.0 85.6506
5.0 -4.0 86.0107
8.0 -6.0 85.6689
5.0 -6.0 83.5571
8.0 -9.0 81.4453
11.0 -6.0 86.145
11.0 -9.0 83.6487
3.0 -6.0 81.5491
0.0 -4.0 81.5125
11.0 -1.0 84.9487
8.0 -1.0 85.5103
0.0 -1.0 84.6863
5.0 -1.0 85.6812
0.0 -6.0 75.0061
3.0 -9.0 73.761
-3.0 -4.0 73.5413
3.0 -11.0 69.4641
-3.0 -6.0 64.2273
0.0 -9.0 63.8
8.0 -11.0 77.8931
5.0 -9.0 76.886
14.0 -4.0 85.083
14.0 -1.0 84.2529
11.0 -14.0 77.417
14.0 -6.0 85.8276
0.0 -11.0 57.6904
11.0 -11.0 80.9753
5.0 -11.0 73.5657
14.0 -9.0 85.5469
14.0 -14.0 79.5654
-3.0 -9.0 45.7092
8.0 -14.0 73.5168
11.0 1.0 80.188
-3.0 -11.0 31.7322
-3.0 -1.0 75.8484
8.0 1.0 80.4993
3.0 1.0 80.78
3.0 -1.0 86.1877
5.0 1.0 80.6763
0.0 1.0 79.6265
-3.0 1.0 58.2581
5.0 -14.0 63.562
7.0 -6.0 85.1135
3.0 -14.0 57.6721
7.0 -4.0 86.4746
0.0 -14.0 31.7322
-4.0 -1.0 70.4102
-4.0 -4.0 70.2332
-4.0 -6.0 59.9304
7.0 -1.0 85.6445
7.0 -9.0 80.3589
14.0 1.0 80.0049
14.0 -11.0 83.0994
-3.0 -14.0 31.7322
7.0 -11.0 76.1353
8.0 -8.0 82.9468
11.0 -8.0 85.1196
-4.0 -9.0 37.03
-4.0 -11.0 31.7322
3.0 -8.0 75.5188
7.0 -14.0 71.7163
7.0 -8.0 82.2021
14.0 -8.0 85.5835
-4.0 1.0 48.1689
0.0 -8.0 69.6838
-4.0 -14.0 31.7322
5.0 -3.0 86.7676
2.0 -4.0 83.8318
11.0 -3.0 85.6201
2.0 -6.0 80.0293
8.0 -3.0 86.3342
0.0 -3.0 83.2703
2.0 -1.0 86.0962
3.0 -3.0 86.0107
7.0 -3.0 86.6638
14.0 -3.0 85.0098
-3.0 -8.0 57.5745
2.0 -8.0 74.0112
2.0 -9.0 71.9299
-3.0 -3.0 76.6785
2.0 -3.0 85.2417
7.0 1.0 80.5725
2.0 -11.0 63.7146
-4.0 -8.0 45.6726
13.0 -4.0 85.2173
-3.0 2.0 46.9116
13.0 -6.0 85.9924
-4.0 2.0 40.7959
13.0 -14.0 78.9795
13.0 -1.0 84.5947
13.0 -11.0 82.4829
13.0 -3.0 85.2295
0.0 2.0 72.5586
13.0 -9.0 85.1318
-4.0 -3.0 73.2056
2.0 -14.0 45.813
13.0 -8.0 85.5408
-1.0 -4.0 79.187
-1.0 -1.0 82.7515
2.0 1.0 80.9265
-1.0 -6.0 72.8333
5.0 2.0 73.9807
-1.0 -3.0 81.5308
11.0 -13.0 78.3691
14.0 2.0 73.5291
11.0 2.0 73.7976
8.0 2.0 73.9502
14.0 -13.0 80.5359
8.0 -13.0 74.6277
13.0 -13.0 79.8096
10.0 -6.0 85.9192
3.0 2.0 74.0601
10.0 -11.0 79.9438
-1.0 -9.0 60.0159
-1.0 -8.0 63.9954
7.0 -13.0 73.5291
5.0 -13.0 69.4519
10.0 -1.0 85.022
13.0 1.0 80.0049
-1.0 -11.0 45.8008
10.0 -4.0 86.1572
7.0 2.0 73.9624
5.0 -8.0 79.9561
10.0 -9.0 82.9407
10.0 -3.0 85.6812
10.0 -14.0 76.0071
3.0 -13.0 59.9854
10.0 -8.0 84.3262
-1.0 -14.0 31.7322
-1.0 1.0 74.6826
10.0 -13.0 77.4841
0.0 -13.0 37.0972
-3.0 -13.0 31.7322
2.0 -13.0 57.6782
4.0 -4.0 85.5408
4.0 -6.0 82.7087
-4.0 -13.0 31.7322
-1.0 -13.0 31.7322
2.0 2.0 74.0967
4.0 -3.0 86.5234
0.0 0.0 83.4534
-1.0 2.0 64.0259
4.0 -1.0 86.1328
11.0 0.0 83.4106
5.0 0.0 84.198
8.0 0.0 83.6914
14.0 0.0 83.0322
4.0 -9.0 75.1099
3.0 0.0 84.3506
4.0 -8.0 77.9236
4.0 -11.0 71.7529
7.0 0.0 83.905
13.0 0.0 83.1726
10.0 1.0 80.3101
-3.0 0.0 69.7937
11.0 -10.0 82.4036
10.0 0.0 83.5144
2.0 0.0 84.4666
5.0 -10.0 74.884
-1.0 0.0 80.5359
13.0 2.0 73.6145
8.0 -10.0 79.6448
4.0 -14.0 59.9915
-4.0 0.0 61.1267
4.0 -13.0 63.562
7.0 -10.0 78.3142
10.0 -10.0 81.5735
4.0 0.0 84.2224
14.0 -10.0 84.4116
13.0 -10.0 83.6243
3.0 -10.0 71.814
15.0 -4.0 84.8938
15.0 -1.0 84.137
15.0 -14.0 80.127
15.0 -3.0 84.8694
0.0 -10.0 59.9792
4.0 -10.0 73.6633
5.0 -5.0 84.9976
15.0 -6.0 85.6934
15.0 -11.0 83.8257
4.0 1.0 80.6763
11.0 -5.0 86.1145
2.0 -10.0 69.5068
8.0 -5.0 86.0962
0.0 -5.0 78.6072
15.0 -9.0 85.6201
15.0 -13.0 81.1768
3.0 -5.0 83.3252
7.0 -5.0 85.9314
15.0 -10.0 85.0342
15.0 -8.0 85.6995
-3.0 -10.0 37.0544
4.0 -5.0 84.1736
13.0 -5.0 85.6323
2.0 -5.0 82.3547
10.0 -5.0 86.2732
14.0 -5.0 85.2661
15.0 0.0 82.8186
-4.0 -10.0 31.7322
-3.0 -5.0 70.2332
-1.0 -10.0 57.6782
-1.0 -5.0 75.946
10.0 2.0 73.822
15.0 -5.0 85.0281
15.0 1.0 79.8523
-4.0 -5.0 63.9709
11.0 -15.0 75.9888
14.0 -15.0 78.949
13.0 -15.0 78.1799
15.0 -15.0 79.5288
4.0 2.0 73.9502
6.0 -6.0 84.2468
-5.0 -3.0 68.7378
-5.0 -4.0 63.6475
8.0 -15.0 71.7041
10.0 -15.0 74.6216
-5.0 -6.0 57.3242
-5.0 -1.0 62.3962
7.0 -15.0 69.4336
5.0 -15.0 59.9915
-5.0 -11.0 31.7322
6.0 -1.0 85.6506
-5.0 -14.0 31.7322
-5.0 -5.0 59.6558
6.0 -4.0 86.3098
-5.0 -13.0 31.7322
-5.0 -8.0 36.969
-5.0 -9.0 31.7322
6.0 -11.0 74.762
6.0 -3.0 86.8103
-5.0 -10.0 31.7322
0.0 -15.0 31.7322
6.0 -9.0 79.0649
-3.0 -15.0 31.7322
-5.0 1.0 39.0015
-5.0 0.0 48.9807
3.0 -15.0 45.8069
6.0 -5.0 85.6323
6.0 -8.0 81.0913
-4.0 -15.0 31.7322
2.0 -15.0 37.085
4.0 -15.0 57.6782
-1.0 -15.0 31.7322
6.0 -10.0 76.4038
-5.0 -15.0 31.7322
-5.0 2.0 36.7004
6.0 -14.0 69.4519
6.0 -13.0 71.7224
15.0 2.0 73.3826
6.0 0.0 84.0698
6.0 -15.0 63.5559
1.0 -4.0 82.8918
6.0 1.0 80.6396
1.0 -6.0 77.7832
1.0 -1.0 85.5835
1.0 -3.0 84.314
1.0 -9.0 69.5557
1.0 -5.0 80.8655
1.0 -8.0 71.9849
1.0 -11.0 59.9731
5.0 -7.0 81.9397
11.0 -7.0 85.6445
8.0 -7.0 84.2346
1.0 0.0 84.3018
1.0 -10.0 63.739
3.0 -7.0 79.1199
1.0 -14.0 37.085
7.0 -7.0 83.6609
0.0 -7.0 72.3083
1.0 1.0 80.9753
1.0 -15.0 31.7322
1.0 -13.0 45.8069
14.0 -7.0 86.2488
-3.0 3.0 42.5781
2.0 -7.0 76.2146
13.0 -7.0 85.9009
-3.0 -7.0 59.9487
10.0 -7.0 85.6262
6.0 2.0 73.9868
-4.0 3.0 38.855
4.0 -7.0 80.6152
-5.0 3.0 35.7422
6.0 -7.0 82.8674
-1.0 3.0 53.3691
0.0 3.0 62.0117
12.0 -6.0 86.2793
-1.0 -7.0 69.8486
15.0 -7.0 85.8643
12.0 -1.0 84.8877
12.0 -11.0 81.7566
-4.0 -7.0 57.5684
12.0 -4.0 85.3027
1.0 -7.0 74.5117
12.0 -3.0 85.4004
5.0 3.0 64.3921
12.0 -9.0 84.4299
12.0 -14.0 78.1921
11.0 3.0 64.2517
12.0 -8.0 85.6934
12.0 -13.0 79.2542
12.0 -5.0 85.9009
3.0 3.0 64.3738
8.0 3.0 64.3188
12.0 -10.0 82.9895
1.0 2.0 74.176
2.0 3.0 64.4348
13.0 3.0 64.0808
5.0 -2.0 86.7859
12.0 -15.0 77.3987
14.0 3.0 64.0747
7.0 3.0 64.3005
4.0 3.0 64.4348
11.0 -2.0 85.3821
12.0 -7.0 85.7178
10.0 3.0 64.2761
3.0 -2.0 86.7065
6.0 3.0 64.3616
-5.0 -7.0 45.2209
7.0 -2.0 86.0291
8.0 -2.0 85.9375
12.0 0.0 83.3374
14.0 -2.0 84.7778
0.0 -2.0 84.3933
13.0 -2.0 85.0281
2.0 -2.0 86.1694
10.0 -2.0 85.6018
4.0 -2.0 86.853
15.0 3.0 64.0259
15.0 -2.0 84.5947
6.0 -2.0 86.4319
-3.0 -2.0 77.887
12.0 -2.0 85.2173
12.0 1.0 80.1025
-1.0 -2.0 82.8186
1.0 -2.0 85.5164
-4.0 -2.0 74.1516
1.0 3.0 64.5325
-2.0 -4.0 77.1729
-2.0 -3.0 79.3945
-2.0 -1.0 79.6753
11.0 -12.0 79.541
-2.0 -6.0 70.0073
-2.0 -2.0 80.426
-5.0 -2.0 68.7195
8.0 -12.0 76.062
-2.0 -5.0 73.2422
14.0 -12.0 81.8787
5.0 -12.0 71.7224
13.0 -12.0 81.0669
10.0 -12.0 78.6377
7.0 -12.0 74.6948
-2.0 -7.0 64.093
-2.0 -9.0 57.6233
-2.0 -8.0 59.9915
-2.0 0.0 76.0254
3.0 -12.0 63.6108
-2.0 -11.0 37.085
-2.0 -14.0 31.7322
15.0 -12.0 82.5562
-2.0 1.0 67.1631
-2.0 -13.0 31.7322
12.0 -12.0 80.2063
9.0 -6.0 85.7544
-2.0 -10.0 45.8069
-2.0 -15.0 31.7322
4.0 -12.0 69.4641
9.0 -4.0 86.3464
6.0 -12.0 73.5413
0.0 -12.0 45.8008
2.0 -12.0 59.967
9.0 -11.0 79.0833
9.0 -9.0 82.373
9.0 -1.0 85.2722
-3.0 -12.0 31.7322
9.0 -3.0 85.9863
12.0 2.0 73.7061
9.0 -8.0 83.6121
-1.0 -12.0 37.0972
9.0 -14.0 74.6277
9.0 -13.0 76.0376
9.0 -5.0 86.3464
9.0 -7.0 85.1074
-4.0 -12.0 31.7322
9.0 -10.0 80.7373
9.0 -2.0 85.8582
9.0 -15.0 73.4985
-2.0 2.0 55.1941
9.0 -12.0 77.5513
12.0 3.0 64.1357
-2.0 3.0 47.0276
9.0 0.0 83.5754
-5.0 -12.0 31.7322
1.0 -12.0 57.6843
-2.0 -12.0 31.7322
9.0 1.0 80.426
9.0 2.0 73.8647
9.0 3.0 64.2883
