0.0 -9.0 78.8757
0.0 1.0 78.8757
0.0 -11.0 78.8757
3.0 -11.0 79.8279
3.0 1.0 79.8279
5.0 1.0 80.2429
5.0 -6.0 80.2429
0.0 -1.0 78.8757
0.0 -6.0 78.8757
-3.0 1.0 75.9521
-3.0 -4.0 75.9521
-3.0 -9.0 75.9521
-3.0 -11.0 75.9521
-3.0 -1.0 75.9521
3.0 -1.0 79.8279
3.0 -9.0 79.8279
0.0 -4.0 78.8757
0.0 -14.0 78.8757
5.0 -1.0 80.2429
5.0 -14.0 80.2429
5.0 -11.0 80.2429
5.0 -4.0 80.2429
-4.0 -9.0 74.6277
-3.0 -14.0 75.9521
-4.0 -6.0 74.6277
-4.0 1.0 74.6277
3.0 -14.0 79.8279
-4.0 -11.0 74.6277
-4.0 -1.0 74.6277
-3.0 2.0 75.9521
0.0 2.0 78.8757
-4.0 -4.0 74.6277
-4.0 -14.0 74.6277
-4.0 2.0 74.6277
5.0 2.0 80.2429
8.0 -4.0 80.365
3.0 -4.0 79.8279
8.0 1.0 80.365
8.0 -9.0 80.365
3.0 -6.0 79.8279
3.0 2.0 79.8279
0.0 -8.0 78.8757
-3.0 -8.0 75.9521
8.0 -11.0 80.365
5.0 -9.0 80.2429
8.0 -6.0 80.365
8.0 -1.0 80.365
3.0 -8.0 79.8279
5.0 -8.0 80.2429
2.0 -11.0 79.6082
2.0 -1.0 79.6082
2.0 -6.0 79.6082
2.0 -9.0 79.6082
2.0 1.0 79.6082
7.0 -1.0 80.3772
7.0 -6.0 80.3772
8.0 -14.0 80.365
7.0 -11.0 80.3772
7.0 2.0 80.3772
7.0 1.0 80.3772
2.0 2.0 79.6082
7.0 -9.0 80.3772
2.0 -14.0 79.6082
2.0 -4.0 79.6082
2.0 -8.0 79.6082
7.0 -4.0 80.3772
7.0 -14.0 80.3772
5.0 -3.0 80.2429
0.0 -3.0 78.8757
-3.0 -3.0 75.9521
-4.0 -3.0 74.6277
2.0 -3.0 79.6082
3.0 -3.0 79.8279
7.0 -8.0 80.3772
-4.0 -8.0 74.6277
8.0 2.0 80.365
-1.0 -6.0 78.2104
-1.0 -1.0 78.2104
-1.0 -11.0 78.2104
-1.0 1.0 78.2104
8.0 -8.0 80.365
-1.0 -9.0 78.2104
-1.0 -4.0 78.2104
-1.0 -14.0 78.2104
-1.0 -8.0 78.2104
-1.0 2.0 78.2104
-1.0 -3.0 78.2104
7.0 -3.0 80.3772
0.0 -13.0 78.8757
-3.0 -13.0 75.9521
5.0 -13.0 80.2429
8.0 -3.0 80.365
3.0 -13.0 79.8279
-4.0 -13.0 74.6277
2.0 -13.0 79.6082
7.0 -13.0 80.3772
-1.0 -13.0 78.2104
8.0 -13.0 80.365
11.0 -6.0 79.7546
11.0 -11.0 79.7546
-3.0 -6.0 75.9521
11.0 1.0 79.7546
11.0 -1.0 79.7546
11.0 -4.0 79.7546
11.0 -9.0 79.7546
11.0 -14.0 79.7546
11.0 2.0 79.7546
11.0 -8.0 79.7546
5.0 0.0 80.2429
0.0 0.0 78.8757
11.0 -3.0 79.7546
-3.0 0.0 75.9521
10.0 -6.0 80.4626
10.0 -1.0 80.4626
3.0 0.0 79.8279
-4.0 0.0 74.6277
11.0 -13.0 79.7546
2.0 0.0 79.6082
8.0 0.0 80.365
-1.0 0.0 78.2104
10.0 -11.0 80.4626
10.0 -9.0 80.4626
10.0 -4.0 80.4626
10.0 -14.0 80.4626
7.0 0.0 80.3772
10.0 2.0 80.4626
4.0 -1.0 80.1147
10.0 -8.0 80.4626
4.0 -6.0 80.1147
4.0 1.0 80.1147
4.0 -11.0 80.1147
4.0 -9.0 80.1147
4.0 -4.0 80.1147
4.0 -14.0 80.1147
4.0 2.0 80.1147
4.0 -8.0 80.1147
4.0 -3.0 80.1147
4.0 -13.0 80.1147
0.0 -10.0 78.8757
4.0 0.0 80.1147
10.0 -3.0 80.4626
-3.0 -10.0 75.9521
5.0 -10.0 80.2429
-4.0 -10.0 74.6277
3.0 -10.0 79.8279
2.0 -10.0 79.6082
10.0 -13.0 80.4626
-1.0 -10.0 78.2104
4.0 -10.0 80.1147
7.0 -10.0 80.3772
8.0 -10.0 80.365
10.0 1.0 80.4626
11.0 0.0 79.7546
10.0 0.0 80.4626
10.0 -10.0 80.4626
13.0 -6.0 79.3762
13.0 -11.0 79.3762
13.0 -9.0 79.3762
13.0 -4.0 79.3762
13.0 -14.0 79.3762
13.0 2.0 79.3762
13.0 -8.0 79.3762
13.0 -3.0 79.3762
0.0 -5.0 78.8757
13.0 1.0 79.3762
13.0 -1.0 79.3762
-3.0 -5.0 75.9521
5.0 -5.0 80.2429
-4.0 -5.0 74.6277
3.0 -5.0 79.8279
2.0 -5.0 79.6082
-1.0 -5.0 78.2104
11.0 -10.0 79.7546
4.0 -5.0 80.1147
7.0 -5.0 80.3772
13.0 -13.0 79.3762
-5.0 -6.0 73.4863
8.0 -5.0 80.365
-5.0 -1.0 73.4863
-5.0 -11.0 73.4863
-5.0 1.0 73.4863
-5.0 -9.0 73.4863
-5.0 -4.0 73.4863
-5.0 -14.0 73.4863
-5.0 2.0 73.4863
-5.0 -8.0 73.4863
-5.0 -13.0 73.4863
-5.0 -3.0 73.4863
-5.0 0.0 73.4863
-5.0 -5.0 73.4863
-5.0 -10.0 73.4863
0.0 -15.0 78.8757
5.0 -15.0 80.2429
-3.0 -15.0 75.9521
14.0 -6.0 78.3447
14.0 -1.0 78.3447
3.0 -15.0 79.8279
14.0 1.0 78.3447
14.0 -11.0 78.3447
14.0 -9.0 78.3447
14.0 -4.0 78.3447
-4.0 -15.0 74.6277
2.0 -15.0 79.6082
-1.0 -15.0 78.2104
14.0 -14.0 78.3447
4.0 -15.0 80.1147
-5.0 -15.0 73.4863
14.0 2.0 78.3447
7.0 -15.0 80.3772
6.0 -6.0 80.3833
6.0 -1.0 80.3833
8.0 -15.0 80.365
6.0 -11.0 80.3833
6.0 1.0 80.3833
14.0 -8.0 78.3447
6.0 -9.0 80.3833
6.0 -4.0 80.3833
6.0 -14.0 80.3833
6.0 -8.0 80.3833
6.0 2.0 80.3833
6.0 -3.0 80.3833
6.0 -13.0 80.3833
10.0 -5.0 80.4626
14.0 -3.0 78.3447
0.0 3.0 78.8757
5.0 3.0 80.2429
6.0 0.0 80.3833
-3.0 3.0 75.9521
6.0 -10.0 80.3833
3.0 3.0 79.8279
6.0 -5.0 80.3833
-4.0 3.0 74.6277
2.0 3.0 79.6082
6.0 -15.0 80.3833
-1.0 3.0 78.2104
4.0 3.0 80.1147
-5.0 3.0 73.4863
1.0 -6.0 79.3152
1.0 -1.0 79.3152
1.0 -11.0 79.3152
7.0 3.0 80.3772
11.0 -5.0 79.7546
6.0 3.0 80.3833
1.0 1.0 79.3152
1.0 -9.0 79.3152
14.0 -13.0 78.3447
1.0 -4.0 79.3152
8.0 3.0 80.365
1.0 -14.0 79.3152
1.0 2.0 79.3152
1.0 -8.0 79.3152
1.0 -3.0 79.3152
1.0 0.0 79.3152
1.0 -13.0 79.3152
1.0 -10.0 79.3152
1.0 -5.0 79.3152
1.0 -15.0 79.3152
1.0 3.0 79.3152
0.0 -7.0 78.8757
-3.0 -7.0 75.9521
3.0 -7.0 79.8279
5.0 -7.0 80.2429
-4.0 -7.0 74.6277
2.0 -7.0 79.6082
-1.0 -7.0 78.2104
10.0 -15.0 80.4626
13.0 0.0 79.3762
4.0 -7.0 80.1147
-5.0 -7.0 73.4863
7.0 -7.0 80.3772
1.0 -7.0 79.3152
8.0 -7.0 80.365
6.0 -7.0 80.3833
11.0 -15.0 79.7546
13.0 -10.0 79.3762
10.0 3.0 80.4626
11.0 3.0 79.7546
10.0 -7.0 80.4626
14.0 0.0 78.3447
11.0 -7.0 79.7546
14.0 -10.0 78.3447
13.0 -5.0 79.3762
13.0 -15.0 79.3762
12.0 -1.0 79.5105
12.0 -6.0 79.5105
15.0 -6.0 76.593
15.0 -1.0 76.593
12.0 -11.0 79.5105
12.0 1.0 79.5105
5.0 -2.0 80.2429
0.0 -2.0 78.8757
12.0 -9.0 79.5105
-3.0 -2.0 75.9521
15.0 1.0 76.593
15.0 -11.0 76.593
3.0 -2.0 79.8279
12.0 -4.0 79.5105
-4.0 -2.0 74.6277
2.0 -2.0 79.6082
-1.0 -2.0 78.2104
13.0 3.0 79.3762
15.0 -9.0 76.593
4.0 -2.0 80.1147
14.0 -5.0 78.3447
7.0 -2.0 80.3772
-5.0 -2.0 73.4863
1.0 -2.0 79.3152
8.0 -2.0 80.365
-2.0 -6.0 77.3621
-2.0 -1.0 77.3621
-2.0 -11.0 77.3621
-2.0 1.0 77.3621
6.0 -2.0 80.3833
-2.0 -9.0 77.3621
-2.0 -4.0 77.3621
-2.0 -14.0 77.3621
-2.0 2.0 77.3621
-2.0 -8.0 77.3621
-2.0 -3.0 77.3621
-2.0 -13.0 77.3621
-2.0 0.0 77.3621
12.0 -14.0 79.5105
-2.0 -10.0 77.3621
-2.0 -5.0 77.3621
-2.0 -15.0 77.3621
15.0 -4.0 76.593
-2.0 3.0 77.3621
-2.0 -7.0 77.3621
-2.0 -2.0 77.3621
15.0 2.0 76.593
15.0 -14.0 76.593
12.0 2.0 79.5105
0.0 -12.0 78.8757
-3.0 -12.0 75.9521
5.0 -12.0 80.2429
-4.0 -12.0 74.6277
2.0 -12.0 79.6082
3.0 -12.0 79.8279
13.0 -7.0 79.3762
12.0 -8.0 79.5105
-1.0 -12.0 78.2104
-5.0 -12.0 73.4863
4.0 -12.0 80.1147
1.0 -12.0 79.3152
-2.0 -12.0 77.3621
6.0 -12.0 80.3833
7.0 -12.0 80.3772
12.0 -3.0 79.5105
14.0 -15.0 78.3447
15.0 -8.0 76.593
8.0 -12.0 80.365
12.0 -13.0 79.5105
15.0 -3.0 76.593
15.0 0.0 76.593
15.0 -10.0 76.593
15.0 -13.0 76.593
10.0 -2.0 80.4626
12.0 0.0 79.5105
9.0 -6.0 80.3955
14.0 3.0 78.3447
9.0 -1.0 80.3955
15.0 -5.0 76.593
9.0 -11.0 80.3955
11.0 -2.0 79.7546
9.0 1.0 80.3955
9.0 -9.0 80.3955
9.0 -4.0 80.3955
9.0 -14.0 80.3955
9.0 2.0 80.3955
9.0 -8.0 80.3955
9.0 -3.0 80.3955
9.0 -13.0 80.3955
10.0 -12.0 80.4626
9.0 0.0 80.3955
14.0 -7.0 78.3447
9.0 -10.0 80.3955
9.0 -5.0 80.3955
15.0 -15.0 76.593
12.0 -5.0 79.5105
12.0 -10.0 79.5105
9.0 -15.0 80.3955
12.0 -15.0 79.5105
9.0 3.0 80.3955
9.0 -7.0 80.3955
9.0 -12.0 80.3955
9.0 -2.0 80.3955
12.0 -7.0 79.5105
12.0 3.0 79.5105
11.0 -12.0 79.7546
15.0 3.0 76.593
12.0 -2.0 79.5105
12.0 -12.0 79.5105
15.0 -7.0 76.593
13.0 -2.0 79.3762
13.0 -12.0 79.3762
14.0 -2.0 78.3447
14.0 -12.0 78.3447
15.0 -2.0 76.593
15.0 -12.0 76.593
