8.0 -6.0 62.7075
11.0 -11.0 78.8086
8.0 -9.0 77.9541
5.0 -6.0 65.0146
8.0 -11.0 75.9521
3.0 -9.0 71.6614
0.0 -6.0 69.1895
5.0 -4.0 38.2629
8.0 -4.0 38.446
14.0 -6.0 61.7676
5.0 -11.0 71.7041
3.0 -4.0 38.9465
0.0 -11.0 45.8008
-3.0 -1.0 31.7322
3.0 -1.0 31.7139
14.0 -11.0 79.6692
8.0 -1.0 30.9937
0.0 -4.0 43.4509
3.0 -11.0 63.562
0.0 -9.0 59.9609
11.0 -9.0 77.356
5.0 -9.0 74.5911
11.0 -1.0 28.949
0.0 -1.0 31.7322
11.0 -6.0 62.1765
14.0 -9.0 71.2646
-3.0 -4.0 35.7788
11.0 -4.0 38.3301
11.0 1.0 31.7322
8.0 1.0 31.7322
3.0 1.0 31.7322
5.0 1.0 31.7322
0.0 1.0 31.7322
-3.0 1.0 31.7322
-3.0 -6.0 58.844
-3.0 -9.0 37.0667
3.0 -6.0 69.0735
14.0 -4.0 38.4094
5.0 -1.0 31.665
-3.0 -11.0 31.7322
11.0 -14.0 75.9521
14.0 1.0 31.7322
14.0 -14.0 78.8757
8.0 -14.0 71.7102
14.0 -1.0 25.8057
7.0 -6.0 63.4399
7.0 -9.0 77.1912
5.0 -14.0 59.9854
7.0 -11.0 74.6155
7.0 -4.0 38.7024
5.0 -8.0 75.6287
8.0 -8.0 76.0193
11.0 -8.0 70.1233
7.0 -14.0 69.4153
3.0 -14.0 45.813
14.0 -8.0 67.6086
-3.0 -14.0 31.7322
0.0 2.0 31.7322
0.0 -14.0 31.7322
8.0 2.0 31.7322
7.0 -8.0 76.9165
3.0 -8.0 73.4619
-3.0 2.0 31.7322
7.0 1.0 31.7322
-4.0 1.0 31.7322
14.0 2.0 31.7322
-4.0 -6.0 51.0498
-4.0 -14.0 31.7322
0.0 -8.0 63.2874
5.0 2.0 31.7322
-4.0 2.0 31.7322
3.0 2.0 31.7322
2.0 -6.0 71.1243
-4.0 -9.0 31.7322
7.0 2.0 31.7322
11.0 2.0 31.7322
-4.0 -1.0 31.7322
-4.0 -11.0 31.7322
7.0 -1.0 31.2866
-4.0 -4.0 32.0984
2.0 -9.0 69.342
13.0 -6.0 61.615
2.0 -4.0 39.8376
-3.0 -8.0 45.3003
2.0 -8.0 71.6064
2.0 -11.0 59.9915
-4.0 -8.0 36.9995
13.0 -11.0 79.48
13.0 -8.0 68.1641
13.0 -14.0 78.2104
11.0 -3.0 28.0518
2.0 1.0 31.7322
8.0 -3.0 27.4658
13.0 -9.0 73.1384
5.0 -3.0 29.1138
2.0 -1.0 31.72
13.0 -4.0 38.4033
14.0 -3.0 28.2532
2.0 2.0 31.7322
7.0 -3.0 27.7344
2.0 -14.0 37.0911
13.0 -3.0 27.9541
3.0 -3.0 28.4729
13.0 2.0 31.7322
-1.0 -6.0 64.209
11.0 -13.0 77.356
0.0 -3.0 30.1941
13.0 1.0 31.7322
-3.0 -3.0 31.5613
13.0 -1.0 25.9033
14.0 -13.0 79.303
10.0 -6.0 61.9873
-1.0 1.0 31.7322
13.0 -13.0 78.8635
-4.0 -3.0 31.604
2.0 -3.0 28.2715
8.0 -13.0 73.4924
10.0 -11.0 78.2043
-1.0 -1.0 31.7322
-1.0 -9.0 57.6782
-1.0 -11.0 37.085
-1.0 -4.0 45.4773
5.0 -13.0 63.5559
7.0 -13.0 71.7102
10.0 -9.0 78.3936
-1.0 -8.0 59.9548
-1.0 2.0 31.7322
10.0 -8.0 71.7834
10.0 -14.0 74.6094
10.0 -4.0 38.385
-1.0 -14.0 31.7322
10.0 -13.0 75.9583
3.0 -13.0 57.6843
0.0 -13.0 31.7322
-3.0 -13.0 31.7322
-1.0 -3.0 31.2073
2.0 -13.0 45.8069
-4.0 -13.0 31.7322
10.0 1.0 31.7322
10.0 -3.0 28.1128
-1.0 -13.0 31.7322
4.0 -6.0 66.5527
10.0 -1.0 29.8523
10.0 2.0 31.7322
4.0 -9.0 73.4802
4.0 -4.0 38.501
4.0 -8.0 74.3958
4.0 -11.0 69.4153
5.0 0.0 31.7322
0.0 0.0 31.7322
11.0 0.0 31.7078
-3.0 0.0 31.7322
14.0 0.0 31.6284
8.0 0.0 31.7322
13.0 0.0 31.665
11.0 -10.0 78.9917
3.0 0.0 31.7322
-4.0 0.0 31.7322
7.0 0.0 31.7322
2.0 0.0 31.7322
10.0 0.0 31.72
5.0 -10.0 73.4802
8.0 -10.0 77.2827
-1.0 0.0 31.7322
4.0 1.0 31.7322
7.0 -10.0 75.946
14.0 -10.0 78.1494
13.0 -10.0 78.8391
4.0 -14.0 57.6843
4.0 2.0 31.7322
4.0 -1.0 31.7078
15.0 -6.0 61.7065
10.0 -10.0 78.717
4.0 -3.0 28.833
4.0 -13.0 59.9854
3.0 -10.0 69.4092
4.0 0.0 31.7322
15.0 -14.0 79.3091
15.0 -8.0 67.5598
2.0 -10.0 63.5437
0.0 -10.0 57.6843
15.0 -13.0 79.5776
15.0 -11.0 79.6204
15.0 -9.0 70.0073
4.0 -10.0 71.7102
15.0 -4.0 38.4033
5.0 -5.0 51.2695
11.0 -5.0 50.1282
8.0 -5.0 50.5066
-3.0 -10.0 31.7322
14.0 -5.0 50.1221
15.0 -10.0 76.2939
3.0 -5.0 52.8931
15.0 -3.0 28.2043
-4.0 -10.0 31.7322
7.0 -5.0 50.5554
13.0 -5.0 50.3845
10.0 -5.0 50.1892
15.0 2.0 31.7322
15.0 -5.0 50.6409
4.0 -5.0 51.8799
0.0 -5.0 58.844
-1.0 -10.0 45.7886
15.0 1.0 31.7322
2.0 -5.0 54.3701
15.0 -1.0 24.9023
15.0 0.0 31.5247
-3.0 -5.0 55.8838
-1.0 -5.0 58.9844
14.0 -15.0 78.2043
11.0 -15.0 74.6216
13.0 -15.0 77.3499
-4.0 -5.0 44.8303
15.0 -15.0 78.8818
6.0 -6.0 63.8916
-5.0 1.0 31.7322
10.0 -15.0 73.4863
-5.0 -6.0 39.5813
-5.0 -1.0 31.7322
8.0 -15.0 69.4092
-5.0 -11.0 31.7322
-5.0 2.0 31.7322
-5.0 0.0 31.7322
7.0 -15.0 63.5559
-5.0 -9.0 31.7322
-5.0 -14.0 31.7322
6.0 -11.0 73.4741
-5.0 -4.0 31.5674
-5.0 -13.0 31.7322
5.0 -15.0 57.6843
-5.0 -8.0 31.7322
6.0 -9.0 75.9094
-5.0 -10.0 31.7322
-5.0 -5.0 37.7075
-5.0 -3.0 31.6589
-3.0 -15.0 31.7322
6.0 -8.0 76.6846
0.0 -15.0 31.7322
6.0 -4.0 38.5254
-4.0 -15.0 31.7322
3.0 -15.0 37.0911
2.0 -15.0 31.7322
-5.0 -15.0 31.7322
4.0 -15.0 45.813
-1.0 -15.0 31.7322
6.0 -5.0 51.0193
6.0 -10.0 74.6033
6.0 -1.0 31.5918
6.0 -14.0 63.5559
6.0 -13.0 69.4153
6.0 1.0 31.7322
6.0 -3.0 28.4729
6.0 2.0 31.7322
6.0 -15.0 59.9854
6.0 0.0 31.7322
5.0 3.0 31.7322
0.0 3.0 31.7322
11.0 3.0 31.7322
1.0 -6.0 70.8191
-3.0 3.0 31.7322
-4.0 3.0 31.7322
8.0 3.0 31.7322
14.0 3.0 31.7322
13.0 3.0 31.7322
3.0 3.0 31.7322
7.0 3.0 31.7322
2.0 3.0 31.7322
-1.0 3.0 31.7322
1.0 -9.0 63.5376
10.0 3.0 31.7322
1.0 -8.0 69.0308
4.0 3.0 31.7322
-5.0 3.0 31.7322
1.0 -4.0 41.6809
15.0 3.0 31.7322
1.0 -5.0 56.8726
11.0 -7.0 66.2292
6.0 3.0 31.7322
5.0 -7.0 74.1211
1.0 -11.0 57.6782
1.0 1.0 31.7322
14.0 -7.0 65.4602
1.0 2.0 31.7322
8.0 -7.0 68.0786
1.0 -1.0 31.72
13.0 -7.0 65.4297
1.0 -10.0 59.9792
1.0 0.0 31.7322
10.0 -7.0 66.5161
7.0 -7.0 69.4458
1.0 -14.0 31.7322
15.0 -7.0 65.2344
3.0 -7.0 73.9685
0.0 -7.0 67.2852
12.0 -6.0 61.5234
1.0 -13.0 37.0911
1.0 -3.0 29.7791
4.0 -7.0 74.6765
1.0 3.0 31.7322
6.0 -7.0 71.936
2.0 -7.0 72.8699
12.0 -11.0 79.2419
1.0 -15.0 31.7322
12.0 -8.0 69.104
12.0 -14.0 77.356
12.0 -13.0 78.2043
12.0 -9.0 75.6653
1.0 -7.0 71.228
-1.0 -7.0 62.5793
12.0 -7.0 65.7959
-3.0 -7.0 57.0679
12.0 -10.0 79.0833
12.0 -4.0 38.2996
12.0 -5.0 50.2441
12.0 -15.0 75.9399
-4.0 -7.0 43.927
12.0 -3.0 28.1494
12.0 1.0 31.7322
-5.0 -7.0 36.6028
12.0 2.0 31.7322
12.0 -1.0 27.887
12.0 0.0 31.6895
11.0 -2.0 29.6753
14.0 -2.0 27.9419
13.0 -2.0 28.717
8.0 -2.0 29.2847
15.0 -2.0 27.5085
12.0 3.0 31.7322
10.0 -2.0 29.7119
12.0 -2.0 29.5166
5.0 -2.0 26.9165
7.0 -2.0 27.3315
-3.0 -2.0 31.7078
0.0 -2.0 31.6223
3.0 -2.0 30.1758
-2.0 -6.0 60.7544
-4.0 -2.0 31.72
-1.0 -2.0 31.6589
2.0 -2.0 31.0364
6.0 -2.0 25.4761
4.0 -2.0 28.7842
-5.0 -2.0 31.7322
-2.0 1.0 31.7322
-2.0 2.0 31.7322
1.0 -2.0 31.4758
-2.0 -9.0 45.6055
-2.0 -8.0 57.55
-2.0 -1.0 31.7322
-2.0 -11.0 31.7322
-2.0 -4.0 41.2659
11.0 -12.0 78.2043
-2.0 -14.0 31.7322
-2.0 0.0 31.7322
8.0 -12.0 74.6155
14.0 -12.0 79.5715
13.0 -12.0 79.2908
-2.0 -3.0 31.4819
-2.0 -13.0 31.7322
5.0 -12.0 69.4214
10.0 -12.0 77.3499
-2.0 -5.0 58.551
7.0 -12.0 73.4863
-2.0 -7.0 59.7595
15.0 -12.0 79.8523
-2.0 3.0 31.7322
12.0 -12.0 78.8513
9.0 -6.0 62.439
-2.0 -10.0 37.0911
-2.0 -15.0 31.7322
3.0 -12.0 59.9915
6.0 -12.0 71.7102
9.0 -9.0 78.3936
9.0 -11.0 77.3499
-2.0 -2.0 31.6895
0.0 -12.0 37.0911
9.0 -8.0 74.0601
9.0 -14.0 73.4863
-3.0 -12.0 31.7322
9.0 -7.0 66.6687
2.0 -12.0 57.6843
9.0 -13.0 74.6155
4.0 -12.0 63.5559
-4.0 -12.0 31.7322
9.0 -5.0 50.2869
9.0 -4.0 38.4888
9.0 -10.0 78.1555
-2.0 -12.0 31.7322
9.0 -12.0 75.946
9.0 -15.0 71.7041
-1.0 -12.0 31.7322
9.0 1.0 31.7322
1.0 -12.0 45.8069
-5.0 -12.0 31.7322
9.0 -3.0 28.1128
9.0 2.0 31.7322
9.0 -2.0 29.4312
9.0 -1.0 30.5359
9.0 0.0 31.72
9.0 3.0 31.7322
