4.5 -2.75 86.792
4.0 -2.75 86.6821
3.5 -2.75 86.3708
4.0 -2.5 86.8774
3.5 -2.5 86.6638
4.75 -2.5 86.8408
3.25 -2.5 86.4441
4.75 -2.0 86.8042
4.5 -2.0 86.8103
3.25 -2.0 86.7737
3.5 -2.0 86.8042
3.75 -1.75 86.8164
4.75 -1.75 86.6699
3.25 -1.75 86.7859
4.5 -1.75 86.731
3.75 -1.5 86.7126
3.75 -2.0 86.8835
4.0 -1.75 86.7554
3.5 -1.75 86.792
4.75 -1.5 86.554
4.75 -2.75 86.9568
4.0 -1.5 86.6516
4.0 -2.0 86.853
4.5 -1.5 86.5723
3.5 -1.5 86.731
3.25 -1.5 86.6882
3.25 -2.75 86.2915
3.25 -1.25 86.4441
4.0 -1.25 86.3953
3.5 -1.25 86.3831
4.5 -1.25 86.2549
4.5 -2.5 86.9507
4.75 -1.25 86.1206
3.75 -1.25 86.4502
3.75 -2.75 86.5967
3.75 -2.5 86.6943
4.75 -3.0 86.7249
3.5 -3.0 86.1816
4.0 -3.0 86.5234
3.25 -3.0 86.0535
4.5 -3.0 86.7371
3.75 -3.0 86.322
5.0 -2.75 86.8286
5.0 -2.5 86.8225
5.0 -3.0 86.7676
5.0 -2.0 86.7859
3.0 -2.75 86.1511
5.0 -1.5 86.4685
5.0 -1.75 86.6211
3.0 -2.5 86.2732
3.0 -3.0 86.0107
4.5 -2.25 86.7737
4.75 -2.25 86.8591
3.25 -2.25 86.6394
3.5 -2.25 86.7737
3.75 -2.25 86.8774
3.0 -2.25 86.615
3.0 -2.0 86.7065
4.0 -2.25 86.8958
5.0 -2.25 86.8408
4.0 -1.0 86.1328
5.0 -1.25 86.0291
4.5 -1.0 85.8826
3.75 -1.0 86.1328
3.0 -1.75 86.7249
3.0 -1.5 86.6211
3.5 -1.0 86.1694
4.75 -1.0 85.7361
5.0 -1.0 85.6812
3.0 -1.25 86.4075
4.25 -2.5 86.9751
3.25 -1.0 86.1694
4.25 -2.25 86.8103
3.0 -1.0 86.1877
4.25 -2.0 86.8469
4.25 -2.75 86.6882
4.25 -1.25 86.2732
4.25 -1.75 86.7615
4.25 -3.0 86.6089
4.25 -1.5 86.6272
4.25 -1.0 86.0229
