-3.0 -4.0 83.7402
0.0 -4.0 85.8826
5.0 -6.0 83.7402
11.0 -6.0 86.377
5.0 -4.0 85.907
3.0 -6.0 81.7139
0.0 -6.0 74.3774
-3.0 -1.0 84.9609
-3.0 -6.0 60.7605
14.0 -6.0 85.7544
8.0 -9.0 58.2886
14.0 -9.0 79.6326
-3.0 -11.0 31.7322
11.0 -11.0 31.7322
5.0 -9.0 31.7322
0.0 -9.0 31.7322
5.0 -11.0 31.7322
-3.0 -9.0 31.7322
3.0 -11.0 31.7322
8.0 -11.0 31.7322
11.0 -9.0 72.229
11.0 -4.0 84.6497
8.0 -4.0 85.2234
3.0 -4.0 86.377
5.0 -14.0 31.7322
14.0 -11.0 35.2966
-4.0 -4.0 82.9285
8.0 1.0 77.0142
8.0 -6.0 85.8826
3.0 1.0 78.9185
3.0 -9.0 31.7322
11.0 -1.0 78.9185
0.0 -11.0 31.7322
-4.0 -6.0 58.2886
8.0 -14.0 31.7322
-4.0 -1.0 85.2234
14.0 -14.0 31.7322
-4.0 -11.0 31.7322
0.0 1.0 79.4556
-3.0 1.0 82.3242
5.0 -1.0 82.3242
0.0 -14.0 31.7322
7.0 -6.0 85.4492
11.0 -14.0 31.7322
-3.0 -14.0 31.7322
3.0 -14.0 31.7322
3.0 -1.0 83.5022
14.0 -1.0 77.887
-4.0 -9.0 31.7322
8.0 -1.0 79.4556
-4.0 -14.0 31.7322
11.0 -8.0 81.7139
14.0 1.0 75.0488
7.0 -4.0 85.3455
14.0 -8.0 84.5398
0.0 -1.0 84.436
8.0 -8.0 74.3774
2.0 -6.0 79.6326
5.0 -8.0 60.7605
2.0 -4.0 86.1938
7.0 -8.0 72.229
7.0 -11.0 31.7322
7.0 -9.0 48.9197
7.0 -14.0 31.7322
5.0 1.0 77.1973
11.0 1.0 77.1362
14.0 -4.0 83.8928
3.0 -8.0 48.9197
0.0 2.0 79.1016
-4.0 -8.0 31.7322
5.0 2.0 79.0283
0.0 -8.0 31.7322
0.0 -3.0 86.1877
11.0 2.0 76.2451
-3.0 2.0 81.0547
-3.0 -3.0 86.0352
2.0 -11.0 31.7322
-3.0 -8.0 31.7322
-4.0 -3.0 85.8826
3.0 -3.0 85.3455
2.0 -14.0 31.7322
5.0 -3.0 84.9609
-4.0 1.0 82.9285
13.0 -6.0 85.907
13.0 -8.0 83.7402
2.0 -3.0 85.7544
8.0 2.0 75.5859
2.0 -9.0 31.7322
13.0 -9.0 77.4109
14.0 2.0 74.6155
3.0 2.0 79.1443
7.0 1.0 79.1443
-4.0 2.0 79.4556
2.0 -8.0 35.2966
7.0 2.0 77.1362
-1.0 -4.0 85.4492
-1.0 -6.0 72.229
-1.0 -3.0 86.377
13.0 -11.0 31.7322
7.0 -1.0 81.604
7.0 -3.0 84.6497
2.0 1.0 80.896
2.0 2.0 77.887
10.0 -6.0 86.1938
-1.0 -11.0 31.7322
13.0 -14.0 31.7322
-1.0 -1.0 84.6497
-1.0 -14.0 31.7322
8.0 -3.0 84.436
-1.0 -9.0 31.7322
2.0 -1.0 83.8928
8.0 -13.0 31.7322
3.0 -13.0 31.7322
-4.0 -13.0 31.7322
-1.0 -8.0 31.7322
13.0 -1.0 77.1973
13.0 1.0 77.3926
2.0 -13.0 31.7322
10.0 -8.0 79.6326
5.0 -13.0 31.7322
0.0 -13.0 31.7322
14.0 -3.0 81.8604
-3.0 -13.0 31.7322
11.0 -13.0 31.7322
14.0 -13.0 31.7322
10.0 -9.0 68.3289
13.0 2.0 74.2615
11.0 -3.0 83.5022
7.0 -13.0 31.7322
13.0 -13.0 31.7322
-1.0 -13.0 31.7322
10.0 -11.0 31.7322
13.0 -3.0 82.3242
10.0 -14.0 31.7322
10.0 -4.0 84.8206
-1.0 2.0 78.9185
4.0 -4.0 86.1877
10.0 -13.0 31.7322
4.0 -6.0 82.9285
13.0 -4.0 84.1614
-1.0 1.0 81.604
0.0 -10.0 31.7322
10.0 -1.0 80.896
10.0 1.0 77.3438
5.0 -10.0 31.7322
8.0 -10.0 31.7322
3.0 -10.0 31.7322
10.0 2.0 75.0488
4.0 -3.0 85.2234
5.0 0.0 81.0547
4.0 -11.0 31.7322
4.0 -8.0 58.2886
4.0 -14.0 31.7322
4.0 -9.0 31.7322
8.0 0.0 79.1016
14.0 0.0 77.3438
15.0 -6.0 85.3455
14.0 -10.0 68.3289
2.0 -10.0 31.7322
4.0 -13.0 31.7322
13.0 0.0 79.0283
11.0 0.0 79.1443
-1.0 -10.0 31.7322
11.0 -10.0 48.9197
4.0 2.0 77.0142
10.0 -10.0 35.2966
-4.0 0.0 84.436
-3.0 -10.0 31.7322
4.0 -10.0 31.7322
15.0 -9.0 81.7139
7.0 0.0 78.9185
15.0 -8.0 85.4492
2.0 0.0 81.8604
-3.0 0.0 84.1614
4.0 1.0 79.1016
10.0 0.0 77.887
0.0 0.0 82.9285
3.0 0.0 81.604
4.0 0.0 79.4556
10.0 -3.0 83.8928
-4.0 -10.0 31.7322
4.0 -1.0 82.9285
7.0 -10.0 31.7322
13.0 -10.0 60.7605
5.0 -5.0 86.0352
0.0 -5.0 82.9285
3.0 -5.0 85.4492
-1.0 0.0 83.5022
2.0 -5.0 84.5398
-3.0 -5.0 77.4109
7.0 -5.0 86.377
4.0 -5.0 85.8826
8.0 -5.0 86.1877
15.0 -10.0 72.229
11.0 -5.0 85.3455
10.0 -5.0 85.7544
-1.0 -5.0 81.7139
-4.0 -5.0 74.3774
-5.0 -3.0 85.4492
15.0 -11.0 48.9197
13.0 -5.0 84.9609
-5.0 -4.0 81.7139
-5.0 -1.0 85.3455
15.0 -13.0 31.7322
15.0 -1.0 79.1443
15.0 -14.0 31.7322
14.0 -5.0 84.8206
-5.0 -5.0 72.229
15.0 1.0 76.2451
15.0 -5.0 84.6497
-5.0 -9.0 31.7322
15.0 2.0 75.0122
-5.0 0.0 84.6497
6.0 -6.0 84.5398
-5.0 -10.0 31.7322
15.0 0.0 77.1362
5.0 -15.0 31.7322
11.0 -15.0 31.7322
-3.0 -15.0 31.7322
15.0 -3.0 81.604
-5.0 -6.0 48.9197
-5.0 -11.0 31.7322
-5.0 -14.0 31.7322
3.0 -15.0 31.7322
14.0 -15.0 31.7322
-4.0 -15.0 31.7322
-5.0 -13.0 31.7322
-5.0 -8.0 31.7322
15.0 -4.0 83.5022
6.0 -4.0 85.7544
0.0 -15.0 31.7322
8.0 -15.0 31.7322
7.0 -15.0 31.7322
10.0 -15.0 31.7322
6.0 -5.0 86.1938
-5.0 -15.0 31.7322
-5.0 2.0 81.604
-1.0 -15.0 31.7322
13.0 -15.0 31.7322
-5.0 1.0 83.5022
2.0 -15.0 31.7322
6.0 -8.0 68.3289
4.0 -15.0 31.7322
15.0 -15.0 31.7322
6.0 -9.0 35.2966
6.0 -11.0 31.7322
6.0 -3.0 84.8206
6.0 -14.0 31.7322
6.0 -13.0 31.7322
1.0 -4.0 86.0352
6.0 -10.0 31.7322
6.0 -15.0 31.7322
1.0 -6.0 77.4109
1.0 -3.0 85.907
6.0 1.0 77.887
6.0 -1.0 81.8604
1.0 -5.0 83.7402
1.0 -11.0 31.7322
1.0 -9.0 31.7322
1.0 -14.0 31.7322
6.0 2.0 77.3438
5.0 -7.0 77.4109
11.0 -7.0 85.4492
6.0 0.0 80.896
1.0 -8.0 31.7322
1.0 -13.0 31.7322
8.0 -7.0 82.9285
0.0 3.0 77.0142
5.0 3.0 77.3926
1.0 -10.0 31.7322
11.0 3.0 75.0122
13.0 -7.0 86.0352
-4.0 3.0 79.1016
14.0 -7.0 86.1938
-3.0 3.0 77.1973
1.0 -15.0 31.7322
7.0 3.0 76.2451
2.0 3.0 77.3438
3.0 3.0 77.1362
8.0 3.0 76.001
14.0 3.0 74.6826
7.0 -7.0 81.7139
0.0 -7.0 58.2886
13.0 3.0 75.2747
-1.0 3.0 79.1443
10.0 3.0 74.6155
10.0 -7.0 84.5398
3.0 -7.0 72.229
4.0 3.0 75.5859
15.0 -7.0 86.377
2.0 -7.0 68.3289
15.0 3.0 74.4019
-5.0 3.0 78.9185
6.0 3.0 75.0488
12.0 -6.0 86.1877
1.0 2.0 77.1973
4.0 -7.0 74.3774
6.0 -7.0 79.6326
1.0 1.0 81.0547
12.0 -8.0 82.9285
-3.0 -7.0 31.7322
12.0 -7.0 85.8826
12.0 -9.0 74.3774
-4.0 -7.0 31.7322
-1.0 -7.0 48.9197
1.0 -7.0 60.7605
-3.0 -2.0 85.907
-4.0 -2.0 86.1877
12.0 -5.0 85.2234
1.0 3.0 79.0283
-5.0 -7.0 31.7322
1.0 -1.0 84.1614
1.0 0.0 82.3242
-1.0 -2.0 85.3455
12.0 -13.0 31.7322
0.0 -2.0 85.2234
-5.0 -2.0 86.377
12.0 -11.0 31.7322
12.0 -14.0 31.7322
12.0 -10.0 58.2886
12.0 -15.0 31.7322
-2.0 -4.0 84.5398
2.0 -2.0 84.8206
-2.0 -6.0 68.3289
-2.0 -3.0 86.1938
1.0 -2.0 84.9609
3.0 -2.0 84.6497
-2.0 -5.0 79.6326
12.0 -4.0 84.4299
12.0 -1.0 79.1016
-2.0 -11.0 31.7322
12.0 1.0 75.5859
12.0 0.0 77.0142
12.0 2.0 76.001
-2.0 -1.0 84.8206
-2.0 -14.0 31.7322
-2.0 -8.0 31.7322
-2.0 -2.0 85.7544
12.0 3.0 75.6958
-2.0 -9.0 31.7322
14.0 -2.0 80.896
12.0 -3.0 82.9285
4.0 -2.0 84.436
-2.0 -13.0 31.7322
13.0 -2.0 81.0547
-2.0 -10.0 31.7322
-2.0 -7.0 35.2966
15.0 -2.0 78.9185
8.0 -2.0 82.9285
-2.0 -15.0 31.7322
10.0 -2.0 81.8604
11.0 -2.0 81.604
5.0 -2.0 84.1614
7.0 -2.0 83.5022
5.0 -12.0 31.7322
12.0 -2.0 79.4556
0.0 -12.0 31.7322
-2.0 2.0 80.896
9.0 -6.0 86.0352
-2.0 1.0 81.8604
11.0 -12.0 31.7322
-3.0 -12.0 31.7322
8.0 -12.0 31.7322
3.0 -12.0 31.7322
-2.0 3.0 77.887
14.0 -12.0 31.7322
6.0 -2.0 83.8928
-4.0 -12.0 31.7322
7.0 -12.0 31.7322
2.0 -12.0 31.7322
4.0 -12.0 31.7322
9.0 -8.0 77.4109
15.0 -12.0 31.7322
-5.0 -12.0 31.7322
9.0 -7.0 83.7402
-1.0 -12.0 31.7322
13.0 -12.0 31.7322
-2.0 -12.0 31.7322
9.0 -4.0 84.9609
10.0 -12.0 31.7322
-2.0 0.0 83.8928
9.0 -5.0 85.907
1.0 -12.0 31.7322
9.0 -9.0 60.7605
6.0 -12.0 31.7322
9.0 -10.0 31.7322
12.0 -12.0 31.7322
9.0 -11.0 31.7322
9.0 -14.0 31.7322
9.0 -13.0 31.7322
9.0 -15.0 31.7322
9.0 -12.0 31.7322
9.0 -1.0 81.0547
9.0 1.0 79.0283
9.0 2.0 77.3926
9.0 0.0 77.1973
9.0 3.0 74.2615
9.0 -2.0 82.3242
9.0 -3.0 84.1614
